Copyright 1986-2022 Xilinx, Inc. All Rights Reserved.
-------------------------------------------------------------------------------------------------------------------------------------------------------------------------------------------------------------------------------------------------------------------------------------------------
| Tool Version     : Vivado v.2022.2 (win64) Build 3671981 Fri Oct 14 05:00:03 MDT 2022
| Date             : Wed May 10 23:59:49 2023
| Host             : LAPTOP-M73RD0KN running 64-bit major release  (build 9200)
| Command          : report_power -file standard_planar_code_3d_no_fast_channel_synthesizable_top_power_routed.rpt -pb standard_planar_code_3d_no_fast_channel_synthesizable_top_power_summary_routed.pb -rpx standard_planar_code_3d_no_fast_channel_synthesizable_top_power_routed.rpx
| Design           : standard_planar_code_3d_no_fast_channel_synthesizable_top
| Device           : xczu7ev-ffvc1156-2-e
| Design State     : routed
| Grade            : extended
| Process          : typical
| Characterization : Production
-------------------------------------------------------------------------------------------------------------------------------------------------------------------------------------------------------------------------------------------------------------------------------------------------

Power Report

Table of Contents
-----------------
1. Summary
1.1 On-Chip Components
1.2 Power Supply Summary
1.3 Confidence Level
2. Settings
2.1 Environment
2.2 Clock Constraints
3. Detailed Reports
3.1 By Hierarchy

1. Summary
----------

+--------------------------+-----------------------------------+
| Total On-Chip Power (W)  | 244.029 (Junction temp exceeded!) |
| Design Power Budget (W)  | Unspecified*                      |
| Power Budget Margin (W)  | NA                                |
| Dynamic (W)              | 239.220                           |
| Device Static (W)        | 4.810                             |
| Effective TJA (C/W)      | 1.0                               |
| Max Ambient (C)          | 0.0                               |
| Junction Temperature (C) | 125.0                             |
| Confidence Level         | Low                               |
| Setting File             | ---                               |
| Simulation Activity File | ---                               |
| Design Nets Matched      | NA                                |
+--------------------------+-----------------------------------+
* Specify Design Power Budget using, set_operating_conditions -design_power_budget <value in Watts>


1.1 On-Chip Components
----------------------

+--------------------------+-----------+----------+-----------+-----------------+
| On-Chip                  | Power (W) | Used     | Available | Utilization (%) |
+--------------------------+-----------+----------+-----------+-----------------+
| CLB Logic                |    95.062 |    42637 |       --- |             --- |
|   LUT as Logic           |    63.274 |    18989 |    230400 |            8.24 |
|   LUT as Distributed RAM |    29.413 |     4760 |    101760 |            4.68 |
|   Register               |     1.895 |     8358 |    460800 |            1.81 |
|   CARRY8                 |     0.479 |      478 |     28800 |            1.66 |
|   BUFG                   |    <0.001 |        1 |        64 |            1.56 |
|   Others                 |     0.000 |     1281 |       --- |             --- |
| Signals                  |   118.671 |    28828 |       --- |             --- |
| I/O                      |    25.486 |      146 |       360 |           40.56 |
| Static Power             |     4.810 |          |           |                 |
| Total                    |   244.029 |          |           |                 |
+--------------------------+-----------+----------+-----------+-----------------+


1.2 Power Supply Summary
------------------------

+-----------------+-------------+-----------+-------------+------------+-------------+-------------+------------+
| Source          | Voltage (V) | Total (A) | Dynamic (A) | Static (A) | Powerup (A) | Budget (A)  | Margin (A) |
+-----------------+-------------+-----------+-------------+------------+-------------+-------------+------------+
| Vccint          |       0.850 |   255.371 |     251.456 |      3.915 |       NA    | Unspecified | NA         |
| Vccint_io       |       0.850 |     1.759 |       1.524 |      0.235 |       NA    | Unspecified | NA         |
| Vccbram         |       0.850 |     0.051 |       0.000 |      0.051 |       NA    | Unspecified | NA         |
| Vccaux          |       1.800 |     0.351 |       0.000 |      0.351 |       NA    | Unspecified | NA         |
| Vccaux_io       |       1.800 |     2.975 |       2.919 |      0.056 |       NA    | Unspecified | NA         |
| Vcco33          |       3.300 |     0.000 |       0.000 |      0.000 |       NA    | Unspecified | NA         |
| Vcco25          |       2.500 |     0.000 |       0.000 |      0.000 |       NA    | Unspecified | NA         |
| Vcco18          |       1.800 |    10.518 |      10.518 |      0.000 |       NA    | Unspecified | NA         |
| Vcco15          |       1.500 |     0.000 |       0.000 |      0.000 |       NA    | Unspecified | NA         |
| Vcco135         |       1.350 |     0.000 |       0.000 |      0.000 |       NA    | Unspecified | NA         |
| Vcco12          |       1.200 |     0.000 |       0.000 |      0.000 |       NA    | Unspecified | NA         |
| Vcco10          |       1.000 |     0.000 |       0.000 |      0.000 |       NA    | Unspecified | NA         |
| Vccadc          |       1.800 |     0.008 |       0.000 |      0.008 |       NA    | Unspecified | NA         |
| VCC_PSINTFP     |       0.850 |     0.000 |       0.000 |      0.000 |       NA    | Unspecified | NA         |
| VCC_PSINTLP     |       0.850 |     0.089 |       0.000 |      0.089 |       NA    | Unspecified | NA         |
| VPS_MGTRAVCC    |       0.850 |     0.000 |       0.000 |      0.000 |       NA    | Unspecified | NA         |
| VCC_PSINTFP_DDR |       0.850 |     0.000 |       0.000 |      0.000 |       NA    | Unspecified | NA         |
| VCC_PSPLL       |       1.200 |     0.002 |       0.000 |      0.002 |       NA    | Unspecified | NA         |
| VPS_MGTRAVTT    |       1.800 |     0.000 |       0.000 |      0.000 |       NA    | Unspecified | NA         |
| VCCO_PSDDR_504  |       1.200 |     0.000 |       0.000 |      0.000 |       NA    | Unspecified | NA         |
| VCC_PSAUX       |       1.800 |     0.002 |       0.000 |      0.002 |       NA    | Unspecified | NA         |
| VCC_PSBATT      |       1.200 |     0.000 |       0.000 |      0.000 |       NA    | Unspecified | NA         |
| VCC_PSDDR_PLL   |       1.800 |     0.000 |       0.000 |      0.000 |       NA    | Unspecified | NA         |
| VCCO_PSIO0_500  |       3.300 |     0.000 |       0.000 |      0.000 |       NA    | Unspecified | NA         |
| VCCO_PSIO1_501  |       3.300 |     0.000 |       0.000 |      0.000 |       NA    | Unspecified | NA         |
| VCCO_PSIO2_502  |       3.300 |     0.000 |       0.000 |      0.000 |       NA    | Unspecified | NA         |
| VCCO_PSIO3_503  |       3.300 |     0.000 |       0.000 |      0.000 |       NA    | Unspecified | NA         |
| VCC_PSADC       |       1.800 |     0.002 |       0.000 |      0.002 |       NA    | Unspecified | NA         |
| VCCINT_VCU      |       0.900 |     0.452 |       0.000 |      0.452 |       NA    | Unspecified | NA         |
| MGTAVcc         |       0.900 |     0.000 |       0.000 |      0.000 |       NA    | Unspecified | NA         |
| MGTAVtt         |       1.200 |     0.000 |       0.000 |      0.000 |       NA    | Unspecified | NA         |
| MGTVccaux       |       1.800 |     0.000 |       0.000 |      0.000 |       NA    | Unspecified | NA         |
+-----------------+-------------+-----------+-------------+------------+-------------+-------------+------------+
* The Vccint supply current exceeds the maximum limit of the selected package.  See the PCB design user guide for limit values.


1.3 Confidence Level
--------------------

+-----------------------------+------------+--------------------------------------------------------+--------------------------------------------------------------------------------------------------------------------+
| User Input Data             | Confidence | Details                                                | Action                                                                                                             |
+-----------------------------+------------+--------------------------------------------------------+--------------------------------------------------------------------------------------------------------------------+
| Design implementation state | High       | Design is routed                                       |                                                                                                                    |
| Clock nodes activity        | Low        | User specified less than 75% of clocks                 | Provide missing clock activity with a constraint file, simulation results or by editing the "By Clock Domain" view |
| I/O nodes activity          | Low        | More than 75% of inputs are missing user specification | Provide missing input activity with simulation results or by editing the "By Resource Type -> I/Os" view           |
| Internal nodes activity     | Medium     | User specified less than 25% of internal nodes         | Provide missing internal nodes activity with simulation results or by editing the "By Resource Type" views         |
| Device models               | High       | Device models are Production                           |                                                                                                                    |
|                             |            |                                                        |                                                                                                                    |
| Overall confidence level    | Low        |                                                        |                                                                                                                    |
+-----------------------------+------------+--------------------------------------------------------+--------------------------------------------------------------------------------------------------------------------+


2. Settings
-----------

2.1 Environment
---------------

+-----------------------+--------------------------+
| Ambient Temp (C)      | 25.0                     |
| ThetaJA (C/W)         | 1.0                      |
| Airflow (LFM)         | 250                      |
| Heat Sink             | medium (Medium Profile)  |
| ThetaSA (C/W)         | 1.5                      |
| Board Selection       | medium (10"x10")         |
| # of Board Layers     | 12to15 (12 to 15 Layers) |
| Board Temperature (C) | 25.0                     |
+-----------------------+--------------------------+


2.2 Clock Constraints
---------------------

+-------+--------+-----------------+
| Clock | Domain | Constraint (ns) |
+-------+--------+-----------------+


3. Detailed Reports
-------------------

3.1 By Hierarchy
----------------

+-----------------------------------------------------------------------+-----------+
| Name                                                                  | Power (W) |
+-----------------------------------------------------------------------+-----------+
| standard_planar_code_3d_no_fast_channel_synthesizable_top             |   239.220 |
|   clk_IBUF_inst                                                       |     0.004 |
|   is_error_syndromes_IBUF[0]_inst                                     |     0.011 |
|   is_error_syndromes_IBUF[10]_inst                                    |     0.011 |
|   is_error_syndromes_IBUF[11]_inst                                    |     0.012 |
|   is_error_syndromes_IBUF[12]_inst                                    |     0.014 |
|   is_error_syndromes_IBUF[13]_inst                                    |     0.014 |
|   is_error_syndromes_IBUF[14]_inst                                    |     0.016 |
|   is_error_syndromes_IBUF[15]_inst                                    |     0.014 |
|   is_error_syndromes_IBUF[16]_inst                                    |     0.013 |
|   is_error_syndromes_IBUF[17]_inst                                    |     0.015 |
|   is_error_syndromes_IBUF[18]_inst                                    |     0.013 |
|   is_error_syndromes_IBUF[19]_inst                                    |     0.012 |
|   is_error_syndromes_IBUF[1]_inst                                     |     0.010 |
|   is_error_syndromes_IBUF[20]_inst                                    |     0.011 |
|   is_error_syndromes_IBUF[21]_inst                                    |     0.012 |
|   is_error_syndromes_IBUF[22]_inst                                    |     0.013 |
|   is_error_syndromes_IBUF[23]_inst                                    |     0.012 |
|   is_error_syndromes_IBUF[24]_inst                                    |     0.010 |
|   is_error_syndromes_IBUF[25]_inst                                    |     0.010 |
|   is_error_syndromes_IBUF[26]_inst                                    |     0.013 |
|   is_error_syndromes_IBUF[27]_inst                                    |     0.012 |
|   is_error_syndromes_IBUF[28]_inst                                    |     0.014 |
|   is_error_syndromes_IBUF[29]_inst                                    |     0.011 |
|   is_error_syndromes_IBUF[2]_inst                                     |     0.010 |
|   is_error_syndromes_IBUF[30]_inst                                    |     0.014 |
|   is_error_syndromes_IBUF[31]_inst                                    |     0.011 |
|   is_error_syndromes_IBUF[32]_inst                                    |     0.014 |
|   is_error_syndromes_IBUF[33]_inst                                    |     0.012 |
|   is_error_syndromes_IBUF[34]_inst                                    |     0.012 |
|   is_error_syndromes_IBUF[35]_inst                                    |     0.009 |
|   is_error_syndromes_IBUF[36]_inst                                    |     0.016 |
|   is_error_syndromes_IBUF[37]_inst                                    |     0.013 |
|   is_error_syndromes_IBUF[38]_inst                                    |     0.011 |
|   is_error_syndromes_IBUF[39]_inst                                    |     0.010 |
|   is_error_syndromes_IBUF[3]_inst                                     |     0.013 |
|   is_error_syndromes_IBUF[40]_inst                                    |     0.010 |
|   is_error_syndromes_IBUF[41]_inst                                    |     0.010 |
|   is_error_syndromes_IBUF[42]_inst                                    |     0.011 |
|   is_error_syndromes_IBUF[43]_inst                                    |     0.011 |
|   is_error_syndromes_IBUF[44]_inst                                    |     0.012 |
|   is_error_syndromes_IBUF[45]_inst                                    |     0.010 |
|   is_error_syndromes_IBUF[46]_inst                                    |     0.011 |
|   is_error_syndromes_IBUF[47]_inst                                    |     0.012 |
|   is_error_syndromes_IBUF[48]_inst                                    |     0.012 |
|   is_error_syndromes_IBUF[49]_inst                                    |     0.009 |
|   is_error_syndromes_IBUF[4]_inst                                     |     0.010 |
|   is_error_syndromes_IBUF[50]_inst                                    |     0.009 |
|   is_error_syndromes_IBUF[51]_inst                                    |     0.014 |
|   is_error_syndromes_IBUF[52]_inst                                    |     0.011 |
|   is_error_syndromes_IBUF[53]_inst                                    |     0.011 |
|   is_error_syndromes_IBUF[54]_inst                                    |     0.011 |
|   is_error_syndromes_IBUF[55]_inst                                    |     0.009 |
|   is_error_syndromes_IBUF[56]_inst                                    |     0.015 |
|   is_error_syndromes_IBUF[57]_inst                                    |     0.015 |
|   is_error_syndromes_IBUF[58]_inst                                    |     0.010 |
|   is_error_syndromes_IBUF[59]_inst                                    |     0.011 |
|   is_error_syndromes_IBUF[5]_inst                                     |     0.010 |
|   is_error_syndromes_IBUF[60]_inst                                    |     0.009 |
|   is_error_syndromes_IBUF[61]_inst                                    |     0.011 |
|   is_error_syndromes_IBUF[62]_inst                                    |     0.012 |
|   is_error_syndromes_IBUF[63]_inst                                    |     0.011 |
|   is_error_syndromes_IBUF[64]_inst                                    |     0.010 |
|   is_error_syndromes_IBUF[65]_inst                                    |     0.009 |
|   is_error_syndromes_IBUF[66]_inst                                    |     0.012 |
|   is_error_syndromes_IBUF[67]_inst                                    |     0.011 |
|   is_error_syndromes_IBUF[68]_inst                                    |     0.010 |
|   is_error_syndromes_IBUF[69]_inst                                    |     0.010 |
|   is_error_syndromes_IBUF[6]_inst                                     |     0.011 |
|   is_error_syndromes_IBUF[70]_inst                                    |     0.010 |
|   is_error_syndromes_IBUF[71]_inst                                    |     0.011 |
|   is_error_syndromes_IBUF[72]_inst                                    |     0.011 |
|   is_error_syndromes_IBUF[73]_inst                                    |     0.012 |
|   is_error_syndromes_IBUF[74]_inst                                    |     0.014 |
|   is_error_syndromes_IBUF[75]_inst                                    |     0.011 |
|   is_error_syndromes_IBUF[76]_inst                                    |     0.013 |
|   is_error_syndromes_IBUF[77]_inst                                    |     0.016 |
|   is_error_syndromes_IBUF[78]_inst                                    |     0.012 |
|   is_error_syndromes_IBUF[79]_inst                                    |     0.011 |
|   is_error_syndromes_IBUF[7]_inst                                     |     0.010 |
|   is_error_syndromes_IBUF[80]_inst                                    |     0.009 |
|   is_error_syndromes_IBUF[81]_inst                                    |     0.013 |
|   is_error_syndromes_IBUF[82]_inst                                    |     0.011 |
|   is_error_syndromes_IBUF[83]_inst                                    |     0.012 |
|   is_error_syndromes_IBUF[84]_inst                                    |     0.009 |
|   is_error_syndromes_IBUF[85]_inst                                    |     0.012 |
|   is_error_syndromes_IBUF[86]_inst                                    |     0.012 |
|   is_error_syndromes_IBUF[87]_inst                                    |     0.010 |
|   is_error_syndromes_IBUF[88]_inst                                    |     0.013 |
|   is_error_syndromes_IBUF[89]_inst                                    |     0.017 |
|   is_error_syndromes_IBUF[8]_inst                                     |     0.010 |
|   is_error_syndromes_IBUF[90]_inst                                    |     0.013 |
|   is_error_syndromes_IBUF[91]_inst                                    |     0.016 |
|   is_error_syndromes_IBUF[92]_inst                                    |     0.018 |
|   is_error_syndromes_IBUF[93]_inst                                    |     0.022 |
|   is_error_syndromes_IBUF[94]_inst                                    |     0.018 |
|   is_error_syndromes_IBUF[95]_inst                                    |     0.015 |
|   is_error_syndromes_IBUF[96]_inst                                    |     0.017 |
|   is_error_syndromes_IBUF[97]_inst                                    |     0.015 |
|   is_error_syndromes_IBUF[98]_inst                                    |     0.015 |
|   is_error_syndromes_IBUF[99]_inst                                    |     0.016 |
|   is_error_syndromes_IBUF[9]_inst                                     |     0.011 |
|   new_round_start_IBUF_inst                                           |     0.010 |
|   top_module                                                          |   212.373 |
|     decoder                                                           |   210.296 |
|       neighbor_k[0].neighbor_i[0].neighbor_j[0].blocking_channel_down |     0.095 |
|       neighbor_k[0].neighbor_i[0].neighbor_j[0].blocking_channel_left |     0.162 |
|       neighbor_k[0].neighbor_i[0].neighbor_j[0].blocking_channel_top  |     0.136 |
|       neighbor_k[0].neighbor_i[0].neighbor_j[0].neighbor_horizontal   |     0.017 |
|       neighbor_k[0].neighbor_i[0].neighbor_j[0].neighbor_updown       |     0.035 |
|       neighbor_k[0].neighbor_i[0].neighbor_j[0].neighbor_vertical     |     0.019 |
|       neighbor_k[0].neighbor_i[0].neighbor_j[1].blocking_channel_down |     0.110 |
|       neighbor_k[0].neighbor_i[0].neighbor_j[1].blocking_channel_left |     0.149 |
|       neighbor_k[0].neighbor_i[0].neighbor_j[1].blocking_channel_top  |     0.143 |
|       neighbor_k[0].neighbor_i[0].neighbor_j[1].neighbor_horizontal   |     0.114 |
|       neighbor_k[0].neighbor_i[0].neighbor_j[1].neighbor_updown       |     0.009 |
|       neighbor_k[0].neighbor_i[0].neighbor_j[1].neighbor_vertical     |     0.018 |
|       neighbor_k[0].neighbor_i[0].neighbor_j[2].blocking_channel_down |     0.117 |
|       neighbor_k[0].neighbor_i[0].neighbor_j[2].blocking_channel_left |     0.136 |
|       neighbor_k[0].neighbor_i[0].neighbor_j[2].blocking_channel_top  |     0.166 |
|       neighbor_k[0].neighbor_i[0].neighbor_j[2].neighbor_horizontal   |     0.017 |
|       neighbor_k[0].neighbor_i[0].neighbor_j[2].neighbor_updown       |     0.112 |
|       neighbor_k[0].neighbor_i[0].neighbor_j[2].neighbor_vertical     |     0.031 |
|       neighbor_k[0].neighbor_i[0].neighbor_j[3].blocking_channel_down |     0.095 |
|       neighbor_k[0].neighbor_i[0].neighbor_j[3].blocking_channel_left |     0.317 |
|       neighbor_k[0].neighbor_i[0].neighbor_j[3].blocking_channel_top  |     0.201 |
|       neighbor_k[0].neighbor_i[0].neighbor_j[3].neighbor_updown       |     0.089 |
|       neighbor_k[0].neighbor_i[0].neighbor_j[3].neighbor_vertical     |     0.024 |
|       neighbor_k[0].neighbor_i[1].neighbor_j[0].blocking_channel_down |     0.114 |
|       neighbor_k[0].neighbor_i[1].neighbor_j[0].blocking_channel_left |     0.158 |
|       neighbor_k[0].neighbor_i[1].neighbor_j[0].blocking_channel_top  |     0.129 |
|       neighbor_k[0].neighbor_i[1].neighbor_j[0].neighbor_horizontal   |     0.028 |
|       neighbor_k[0].neighbor_i[1].neighbor_j[0].neighbor_updown       |     0.072 |
|       neighbor_k[0].neighbor_i[1].neighbor_j[0].neighbor_vertical     |     0.014 |
|       neighbor_k[0].neighbor_i[1].neighbor_j[1].blocking_channel_down |     0.113 |
|       neighbor_k[0].neighbor_i[1].neighbor_j[1].blocking_channel_left |     0.230 |
|       neighbor_k[0].neighbor_i[1].neighbor_j[1].blocking_channel_top  |     0.187 |
|       neighbor_k[0].neighbor_i[1].neighbor_j[1].neighbor_horizontal   |     0.187 |
|       neighbor_k[0].neighbor_i[1].neighbor_j[1].neighbor_updown       |     0.033 |
|       neighbor_k[0].neighbor_i[1].neighbor_j[1].neighbor_vertical     |     0.010 |
|       neighbor_k[0].neighbor_i[1].neighbor_j[2].blocking_channel_down |     0.130 |
|       neighbor_k[0].neighbor_i[1].neighbor_j[2].blocking_channel_left |     0.182 |
|       neighbor_k[0].neighbor_i[1].neighbor_j[2].blocking_channel_top  |     0.173 |
|       neighbor_k[0].neighbor_i[1].neighbor_j[2].neighbor_horizontal   |     0.020 |
|       neighbor_k[0].neighbor_i[1].neighbor_j[2].neighbor_updown       |     0.136 |
|       neighbor_k[0].neighbor_i[1].neighbor_j[2].neighbor_vertical     |     0.018 |
|       neighbor_k[0].neighbor_i[1].neighbor_j[3].blocking_channel_down |     0.168 |
|       neighbor_k[0].neighbor_i[1].neighbor_j[3].blocking_channel_left |     0.282 |
|       neighbor_k[0].neighbor_i[1].neighbor_j[3].blocking_channel_top  |     0.168 |
|       neighbor_k[0].neighbor_i[1].neighbor_j[3].neighbor_updown       |     0.200 |
|       neighbor_k[0].neighbor_i[1].neighbor_j[3].neighbor_vertical     |     0.023 |
|       neighbor_k[0].neighbor_i[2].neighbor_j[0].blocking_channel_down |     0.134 |
|       neighbor_k[0].neighbor_i[2].neighbor_j[0].blocking_channel_left |     0.136 |
|       neighbor_k[0].neighbor_i[2].neighbor_j[0].blocking_channel_top  |     0.150 |
|       neighbor_k[0].neighbor_i[2].neighbor_j[0].neighbor_horizontal   |     0.040 |
|       neighbor_k[0].neighbor_i[2].neighbor_j[0].neighbor_updown       |     0.086 |
|       neighbor_k[0].neighbor_i[2].neighbor_j[0].neighbor_vertical     |     0.014 |
|       neighbor_k[0].neighbor_i[2].neighbor_j[1].blocking_channel_down |     0.126 |
|       neighbor_k[0].neighbor_i[2].neighbor_j[1].blocking_channel_left |     0.237 |
|       neighbor_k[0].neighbor_i[2].neighbor_j[1].blocking_channel_top  |     0.189 |
|       neighbor_k[0].neighbor_i[2].neighbor_j[1].neighbor_horizontal   |     0.217 |
|       neighbor_k[0].neighbor_i[2].neighbor_j[1].neighbor_updown       |     0.034 |
|       neighbor_k[0].neighbor_i[2].neighbor_j[1].neighbor_vertical     |     0.011 |
|       neighbor_k[0].neighbor_i[2].neighbor_j[2].blocking_channel_down |     0.132 |
|       neighbor_k[0].neighbor_i[2].neighbor_j[2].blocking_channel_left |     0.172 |
|       neighbor_k[0].neighbor_i[2].neighbor_j[2].blocking_channel_top  |     0.154 |
|       neighbor_k[0].neighbor_i[2].neighbor_j[2].neighbor_horizontal   |     0.014 |
|       neighbor_k[0].neighbor_i[2].neighbor_j[2].neighbor_updown       |     0.143 |
|       neighbor_k[0].neighbor_i[2].neighbor_j[2].neighbor_vertical     |     0.021 |
|       neighbor_k[0].neighbor_i[2].neighbor_j[3].blocking_channel_down |     0.190 |
|       neighbor_k[0].neighbor_i[2].neighbor_j[3].blocking_channel_left |     0.227 |
|       neighbor_k[0].neighbor_i[2].neighbor_j[3].blocking_channel_top  |     0.164 |
|       neighbor_k[0].neighbor_i[2].neighbor_j[3].neighbor_updown       |     0.220 |
|       neighbor_k[0].neighbor_i[2].neighbor_j[3].neighbor_vertical     |     0.017 |
|       neighbor_k[0].neighbor_i[3].neighbor_j[0].blocking_channel_down |     0.101 |
|       neighbor_k[0].neighbor_i[3].neighbor_j[0].blocking_channel_left |     0.152 |
|       neighbor_k[0].neighbor_i[3].neighbor_j[0].blocking_channel_top  |     0.148 |
|       neighbor_k[0].neighbor_i[3].neighbor_j[0].neighbor_horizontal   |     0.042 |
|       neighbor_k[0].neighbor_i[3].neighbor_j[0].neighbor_updown       |     0.133 |
|       neighbor_k[0].neighbor_i[3].neighbor_j[0].neighbor_vertical     |     0.010 |
|       neighbor_k[0].neighbor_i[3].neighbor_j[1].blocking_channel_down |     0.154 |
|       neighbor_k[0].neighbor_i[3].neighbor_j[1].blocking_channel_left |     0.299 |
|       neighbor_k[0].neighbor_i[3].neighbor_j[1].blocking_channel_top  |     0.189 |
|       neighbor_k[0].neighbor_i[3].neighbor_j[1].neighbor_horizontal   |     0.284 |
|       neighbor_k[0].neighbor_i[3].neighbor_j[1].neighbor_updown       |     0.031 |
|       neighbor_k[0].neighbor_i[3].neighbor_j[1].neighbor_vertical     |     0.021 |
|       neighbor_k[0].neighbor_i[3].neighbor_j[2].blocking_channel_down |     0.180 |
|       neighbor_k[0].neighbor_i[3].neighbor_j[2].blocking_channel_left |     0.261 |
|       neighbor_k[0].neighbor_i[3].neighbor_j[2].blocking_channel_top  |     0.141 |
|       neighbor_k[0].neighbor_i[3].neighbor_j[2].neighbor_horizontal   |     0.015 |
|       neighbor_k[0].neighbor_i[3].neighbor_j[2].neighbor_updown       |     0.158 |
|       neighbor_k[0].neighbor_i[3].neighbor_j[2].neighbor_vertical     |     0.031 |
|       neighbor_k[0].neighbor_i[3].neighbor_j[3].blocking_channel_down |     0.133 |
|       neighbor_k[0].neighbor_i[3].neighbor_j[3].blocking_channel_left |     0.293 |
|       neighbor_k[0].neighbor_i[3].neighbor_j[3].blocking_channel_top  |     0.187 |
|       neighbor_k[0].neighbor_i[3].neighbor_j[3].neighbor_updown       |     0.641 |
|       neighbor_k[0].neighbor_i[3].neighbor_j[3].neighbor_vertical     |     0.015 |
|       neighbor_k[0].neighbor_i[4].neighbor_j[0].blocking_channel_down |     0.090 |
|       neighbor_k[0].neighbor_i[4].neighbor_j[0].blocking_channel_left |     0.082 |
|       neighbor_k[0].neighbor_i[4].neighbor_j[0].blocking_channel_top  |     0.471 |
|       neighbor_k[0].neighbor_i[4].neighbor_j[0].neighbor_horizontal   |     0.017 |
|       neighbor_k[0].neighbor_i[4].neighbor_j[0].neighbor_updown       |     0.076 |
|       neighbor_k[0].neighbor_i[4].neighbor_j[1].blocking_channel_down |     0.120 |
|       neighbor_k[0].neighbor_i[4].neighbor_j[1].blocking_channel_left |     0.067 |
|       neighbor_k[0].neighbor_i[4].neighbor_j[1].blocking_channel_top  |     0.511 |
|       neighbor_k[0].neighbor_i[4].neighbor_j[1].neighbor_horizontal   |     0.171 |
|       neighbor_k[0].neighbor_i[4].neighbor_j[1].neighbor_updown       |     0.009 |
|       neighbor_k[0].neighbor_i[4].neighbor_j[2].blocking_channel_down |     0.115 |
|       neighbor_k[0].neighbor_i[4].neighbor_j[2].blocking_channel_left |     0.081 |
|       neighbor_k[0].neighbor_i[4].neighbor_j[2].blocking_channel_top  |     0.436 |
|       neighbor_k[0].neighbor_i[4].neighbor_j[2].neighbor_horizontal   |     0.015 |
|       neighbor_k[0].neighbor_i[4].neighbor_j[2].neighbor_updown       |     0.142 |
|       neighbor_k[0].neighbor_i[4].neighbor_j[3].blocking_channel_down |     0.109 |
|       neighbor_k[0].neighbor_i[4].neighbor_j[3].blocking_channel_left |     0.257 |
|       neighbor_k[0].neighbor_i[4].neighbor_j[3].blocking_channel_top  |     0.369 |
|       neighbor_k[0].neighbor_i[4].neighbor_j[3].neighbor_updown       |     0.250 |
|       neighbor_k[1].neighbor_i[0].neighbor_j[0].blocking_channel_down |     0.195 |
|       neighbor_k[1].neighbor_i[0].neighbor_j[0].blocking_channel_left |     0.134 |
|       neighbor_k[1].neighbor_i[0].neighbor_j[0].blocking_channel_top  |     0.126 |
|       neighbor_k[1].neighbor_i[0].neighbor_j[0].neighbor_horizontal   |     0.021 |
|       neighbor_k[1].neighbor_i[0].neighbor_j[0].neighbor_updown       |     0.102 |
|       neighbor_k[1].neighbor_i[0].neighbor_j[0].neighbor_vertical     |     0.008 |
|       neighbor_k[1].neighbor_i[0].neighbor_j[1].blocking_channel_down |     0.152 |
|       neighbor_k[1].neighbor_i[0].neighbor_j[1].blocking_channel_left |     0.068 |
|       neighbor_k[1].neighbor_i[0].neighbor_j[1].blocking_channel_top  |     0.343 |
|       neighbor_k[1].neighbor_i[0].neighbor_j[1].neighbor_horizontal   |     0.071 |
|       neighbor_k[1].neighbor_i[0].neighbor_j[1].neighbor_updown       |     0.360 |
|       neighbor_k[1].neighbor_i[0].neighbor_j[1].neighbor_vertical     |     0.031 |
|       neighbor_k[1].neighbor_i[0].neighbor_j[2].blocking_channel_down |     0.118 |
|       neighbor_k[1].neighbor_i[0].neighbor_j[2].blocking_channel_left |     0.068 |
|       neighbor_k[1].neighbor_i[0].neighbor_j[2].blocking_channel_top  |     0.315 |
|       neighbor_k[1].neighbor_i[0].neighbor_j[2].neighbor_horizontal   |     0.017 |
|       neighbor_k[1].neighbor_i[0].neighbor_j[2].neighbor_updown       |     0.237 |
|       neighbor_k[1].neighbor_i[0].neighbor_j[2].neighbor_vertical     |     0.069 |
|       neighbor_k[1].neighbor_i[0].neighbor_j[3].blocking_channel_down |     0.153 |
|       neighbor_k[1].neighbor_i[0].neighbor_j[3].blocking_channel_left |     0.277 |
|       neighbor_k[1].neighbor_i[0].neighbor_j[3].blocking_channel_top  |     0.159 |
|       neighbor_k[1].neighbor_i[0].neighbor_j[3].neighbor_updown       |     0.089 |
|       neighbor_k[1].neighbor_i[0].neighbor_j[3].neighbor_vertical     |     0.022 |
|       neighbor_k[1].neighbor_i[1].neighbor_j[0].blocking_channel_down |     0.178 |
|       neighbor_k[1].neighbor_i[1].neighbor_j[0].blocking_channel_left |     0.193 |
|       neighbor_k[1].neighbor_i[1].neighbor_j[0].blocking_channel_top  |     0.127 |
|       neighbor_k[1].neighbor_i[1].neighbor_j[0].neighbor_horizontal   |     0.029 |
|       neighbor_k[1].neighbor_i[1].neighbor_j[0].neighbor_updown       |     0.237 |
|       neighbor_k[1].neighbor_i[1].neighbor_j[0].neighbor_vertical     |     0.009 |
|       neighbor_k[1].neighbor_i[1].neighbor_j[1].blocking_channel_down |     0.242 |
|       neighbor_k[1].neighbor_i[1].neighbor_j[1].blocking_channel_left |     0.139 |
|       neighbor_k[1].neighbor_i[1].neighbor_j[1].blocking_channel_top  |     0.174 |
|       neighbor_k[1].neighbor_i[1].neighbor_j[1].neighbor_horizontal   |     0.285 |
|       neighbor_k[1].neighbor_i[1].neighbor_j[1].neighbor_updown       |     0.264 |
|       neighbor_k[1].neighbor_i[1].neighbor_j[1].neighbor_vertical     |     0.116 |
|       neighbor_k[1].neighbor_i[1].neighbor_j[2].blocking_channel_down |     0.147 |
|       neighbor_k[1].neighbor_i[1].neighbor_j[2].blocking_channel_left |     0.140 |
|       neighbor_k[1].neighbor_i[1].neighbor_j[2].blocking_channel_top  |     0.175 |
|       neighbor_k[1].neighbor_i[1].neighbor_j[2].neighbor_horizontal   |     0.037 |
|       neighbor_k[1].neighbor_i[1].neighbor_j[2].neighbor_updown       |     0.018 |
|       neighbor_k[1].neighbor_i[1].neighbor_j[2].neighbor_vertical     |     0.087 |
|       neighbor_k[1].neighbor_i[1].neighbor_j[3].blocking_channel_down |     0.117 |
|       neighbor_k[1].neighbor_i[1].neighbor_j[3].blocking_channel_left |     0.343 |
|       neighbor_k[1].neighbor_i[1].neighbor_j[3].blocking_channel_top  |     0.151 |
|       neighbor_k[1].neighbor_i[1].neighbor_j[3].neighbor_updown       |     0.367 |
|       neighbor_k[1].neighbor_i[1].neighbor_j[3].neighbor_vertical     |     0.014 |
|       neighbor_k[1].neighbor_i[2].neighbor_j[0].blocking_channel_down |     0.164 |
|       neighbor_k[1].neighbor_i[2].neighbor_j[0].blocking_channel_left |     0.184 |
|       neighbor_k[1].neighbor_i[2].neighbor_j[0].blocking_channel_top  |     0.156 |
|       neighbor_k[1].neighbor_i[2].neighbor_j[0].neighbor_horizontal   |     0.028 |
|       neighbor_k[1].neighbor_i[2].neighbor_j[0].neighbor_updown       |     0.243 |
|       neighbor_k[1].neighbor_i[2].neighbor_j[0].neighbor_vertical     |     0.010 |
|       neighbor_k[1].neighbor_i[2].neighbor_j[1].blocking_channel_down |     0.172 |
|       neighbor_k[1].neighbor_i[2].neighbor_j[1].blocking_channel_left |     0.138 |
|       neighbor_k[1].neighbor_i[2].neighbor_j[1].blocking_channel_top  |     0.175 |
|       neighbor_k[1].neighbor_i[2].neighbor_j[1].neighbor_horizontal   |     0.063 |
|       neighbor_k[1].neighbor_i[2].neighbor_j[1].neighbor_updown       |     0.293 |
|       neighbor_k[1].neighbor_i[2].neighbor_j[1].neighbor_vertical     |     0.066 |
|       neighbor_k[1].neighbor_i[2].neighbor_j[2].blocking_channel_down |     0.117 |
|       neighbor_k[1].neighbor_i[2].neighbor_j[2].blocking_channel_left |     0.169 |
|       neighbor_k[1].neighbor_i[2].neighbor_j[2].blocking_channel_top  |     0.168 |
|       neighbor_k[1].neighbor_i[2].neighbor_j[2].neighbor_horizontal   |     0.054 |
|       neighbor_k[1].neighbor_i[2].neighbor_j[2].neighbor_updown       |     0.191 |
|       neighbor_k[1].neighbor_i[2].neighbor_j[2].neighbor_vertical     |     0.075 |
|       neighbor_k[1].neighbor_i[2].neighbor_j[3].blocking_channel_down |     0.137 |
|       neighbor_k[1].neighbor_i[2].neighbor_j[3].blocking_channel_left |     0.296 |
|       neighbor_k[1].neighbor_i[2].neighbor_j[3].blocking_channel_top  |     0.198 |
|       neighbor_k[1].neighbor_i[2].neighbor_j[3].neighbor_updown       |     0.391 |
|       neighbor_k[1].neighbor_i[2].neighbor_j[3].neighbor_vertical     |     0.015 |
|       neighbor_k[1].neighbor_i[3].neighbor_j[0].blocking_channel_down |     0.144 |
|       neighbor_k[1].neighbor_i[3].neighbor_j[0].blocking_channel_left |     0.197 |
|       neighbor_k[1].neighbor_i[3].neighbor_j[0].blocking_channel_top  |     0.137 |
|       neighbor_k[1].neighbor_i[3].neighbor_j[0].neighbor_horizontal   |     0.030 |
|       neighbor_k[1].neighbor_i[3].neighbor_j[0].neighbor_updown       |     0.351 |
|       neighbor_k[1].neighbor_i[3].neighbor_j[0].neighbor_vertical     |     0.013 |
|       neighbor_k[1].neighbor_i[3].neighbor_j[1].blocking_channel_down |     0.149 |
|       neighbor_k[1].neighbor_i[3].neighbor_j[1].blocking_channel_left |     0.166 |
|       neighbor_k[1].neighbor_i[3].neighbor_j[1].blocking_channel_top  |     0.136 |
|       neighbor_k[1].neighbor_i[3].neighbor_j[1].neighbor_horizontal   |     0.236 |
|       neighbor_k[1].neighbor_i[3].neighbor_j[1].neighbor_updown       |     0.076 |
|       neighbor_k[1].neighbor_i[3].neighbor_j[1].neighbor_vertical     |     0.170 |
|       neighbor_k[1].neighbor_i[3].neighbor_j[2].blocking_channel_down |     0.109 |
|       neighbor_k[1].neighbor_i[3].neighbor_j[2].blocking_channel_left |     0.136 |
|       neighbor_k[1].neighbor_i[3].neighbor_j[2].blocking_channel_top  |     0.139 |
|       neighbor_k[1].neighbor_i[3].neighbor_j[2].neighbor_horizontal   |     0.043 |
|       neighbor_k[1].neighbor_i[3].neighbor_j[2].neighbor_updown       |     0.019 |
|       neighbor_k[1].neighbor_i[3].neighbor_j[2].neighbor_vertical     |     0.013 |
|       neighbor_k[1].neighbor_i[3].neighbor_j[3].blocking_channel_down |     0.101 |
|       neighbor_k[1].neighbor_i[3].neighbor_j[3].blocking_channel_left |     0.252 |
|       neighbor_k[1].neighbor_i[3].neighbor_j[3].blocking_channel_top  |     0.149 |
|       neighbor_k[1].neighbor_i[3].neighbor_j[3].neighbor_updown       |     0.027 |
|       neighbor_k[1].neighbor_i[3].neighbor_j[3].neighbor_vertical     |     0.022 |
|       neighbor_k[1].neighbor_i[4].neighbor_j[0].blocking_channel_down |     0.159 |
|       neighbor_k[1].neighbor_i[4].neighbor_j[0].blocking_channel_left |     0.073 |
|       neighbor_k[1].neighbor_i[4].neighbor_j[0].blocking_channel_top  |     0.450 |
|       neighbor_k[1].neighbor_i[4].neighbor_j[0].neighbor_horizontal   |     0.236 |
|       neighbor_k[1].neighbor_i[4].neighbor_j[0].neighbor_updown       |     0.154 |
|       neighbor_k[1].neighbor_i[4].neighbor_j[1].blocking_channel_down |     0.200 |
|       neighbor_k[1].neighbor_i[4].neighbor_j[1].blocking_channel_left |     0.071 |
|       neighbor_k[1].neighbor_i[4].neighbor_j[1].blocking_channel_top  |     0.386 |
|       neighbor_k[1].neighbor_i[4].neighbor_j[1].neighbor_horizontal   |     0.321 |
|       neighbor_k[1].neighbor_i[4].neighbor_j[1].neighbor_updown       |     0.122 |
|       neighbor_k[1].neighbor_i[4].neighbor_j[2].blocking_channel_down |     0.170 |
|       neighbor_k[1].neighbor_i[4].neighbor_j[2].blocking_channel_left |     0.062 |
|       neighbor_k[1].neighbor_i[4].neighbor_j[2].blocking_channel_top  |     0.380 |
|       neighbor_k[1].neighbor_i[4].neighbor_j[2].neighbor_horizontal   |     0.018 |
|       neighbor_k[1].neighbor_i[4].neighbor_j[2].neighbor_updown       |     0.012 |
|       neighbor_k[1].neighbor_i[4].neighbor_j[3].blocking_channel_down |     0.123 |
|       neighbor_k[1].neighbor_i[4].neighbor_j[3].blocking_channel_left |     0.193 |
|       neighbor_k[1].neighbor_i[4].neighbor_j[3].blocking_channel_top  |     0.484 |
|       neighbor_k[1].neighbor_i[4].neighbor_j[3].neighbor_updown       |     0.011 |
|       neighbor_k[2].neighbor_i[0].neighbor_j[0].blocking_channel_down |     0.156 |
|       neighbor_k[2].neighbor_i[0].neighbor_j[0].blocking_channel_left |     0.163 |
|       neighbor_k[2].neighbor_i[0].neighbor_j[0].blocking_channel_top  |     0.148 |
|       neighbor_k[2].neighbor_i[0].neighbor_j[0].neighbor_horizontal   |     0.025 |
|       neighbor_k[2].neighbor_i[0].neighbor_j[0].neighbor_updown       |     0.055 |
|       neighbor_k[2].neighbor_i[0].neighbor_j[0].neighbor_vertical     |     0.028 |
|       neighbor_k[2].neighbor_i[0].neighbor_j[1].blocking_channel_down |     0.167 |
|       neighbor_k[2].neighbor_i[0].neighbor_j[1].blocking_channel_left |     0.076 |
|       neighbor_k[2].neighbor_i[0].neighbor_j[1].blocking_channel_top  |     0.401 |
|       neighbor_k[2].neighbor_i[0].neighbor_j[1].neighbor_horizontal   |     0.033 |
|       neighbor_k[2].neighbor_i[0].neighbor_j[1].neighbor_updown       |     0.204 |
|       neighbor_k[2].neighbor_i[0].neighbor_j[1].neighbor_vertical     |     0.078 |
|       neighbor_k[2].neighbor_i[0].neighbor_j[2].blocking_channel_down |     0.113 |
|       neighbor_k[2].neighbor_i[0].neighbor_j[2].blocking_channel_left |     0.061 |
|       neighbor_k[2].neighbor_i[0].neighbor_j[2].blocking_channel_top  |     0.292 |
|       neighbor_k[2].neighbor_i[0].neighbor_j[2].neighbor_horizontal   |     0.019 |
|       neighbor_k[2].neighbor_i[0].neighbor_j[2].neighbor_updown       |     0.210 |
|       neighbor_k[2].neighbor_i[0].neighbor_j[2].neighbor_vertical     |     0.075 |
|       neighbor_k[2].neighbor_i[0].neighbor_j[3].blocking_channel_down |     0.105 |
|       neighbor_k[2].neighbor_i[0].neighbor_j[3].blocking_channel_left |     0.286 |
|       neighbor_k[2].neighbor_i[0].neighbor_j[3].blocking_channel_top  |     0.151 |
|       neighbor_k[2].neighbor_i[0].neighbor_j[3].neighbor_updown       |     0.125 |
|       neighbor_k[2].neighbor_i[0].neighbor_j[3].neighbor_vertical     |     0.018 |
|       neighbor_k[2].neighbor_i[1].neighbor_j[0].blocking_channel_down |     0.220 |
|       neighbor_k[2].neighbor_i[1].neighbor_j[0].blocking_channel_left |     0.322 |
|       neighbor_k[2].neighbor_i[1].neighbor_j[0].blocking_channel_top  |     0.154 |
|       neighbor_k[2].neighbor_i[1].neighbor_j[0].neighbor_horizontal   |     0.031 |
|       neighbor_k[2].neighbor_i[1].neighbor_j[0].neighbor_updown       |     0.163 |
|       neighbor_k[2].neighbor_i[1].neighbor_j[0].neighbor_vertical     |     0.013 |
|       neighbor_k[2].neighbor_i[1].neighbor_j[1].blocking_channel_down |     0.131 |
|       neighbor_k[2].neighbor_i[1].neighbor_j[1].blocking_channel_left |     0.160 |
|       neighbor_k[2].neighbor_i[1].neighbor_j[1].blocking_channel_top  |     0.239 |
|       neighbor_k[2].neighbor_i[1].neighbor_j[1].neighbor_horizontal   |     0.014 |
|       neighbor_k[2].neighbor_i[1].neighbor_j[1].neighbor_updown       |     0.018 |
|       neighbor_k[2].neighbor_i[1].neighbor_j[1].neighbor_vertical     |     0.078 |
|       neighbor_k[2].neighbor_i[1].neighbor_j[2].blocking_channel_down |     0.149 |
|       neighbor_k[2].neighbor_i[1].neighbor_j[2].blocking_channel_left |     0.144 |
|       neighbor_k[2].neighbor_i[1].neighbor_j[2].blocking_channel_top  |     0.154 |
|       neighbor_k[2].neighbor_i[1].neighbor_j[2].neighbor_horizontal   |     0.039 |
|       neighbor_k[2].neighbor_i[1].neighbor_j[2].neighbor_updown       |     0.017 |
|       neighbor_k[2].neighbor_i[1].neighbor_j[2].neighbor_vertical     |     0.282 |
|       neighbor_k[2].neighbor_i[1].neighbor_j[3].blocking_channel_down |     0.234 |
|       neighbor_k[2].neighbor_i[1].neighbor_j[3].blocking_channel_left |     0.213 |
|       neighbor_k[2].neighbor_i[1].neighbor_j[3].blocking_channel_top  |     0.165 |
|       neighbor_k[2].neighbor_i[1].neighbor_j[3].neighbor_updown       |     0.035 |
|       neighbor_k[2].neighbor_i[1].neighbor_j[3].neighbor_vertical     |     0.267 |
|       neighbor_k[2].neighbor_i[2].neighbor_j[0].blocking_channel_down |     0.175 |
|       neighbor_k[2].neighbor_i[2].neighbor_j[0].blocking_channel_left |     0.189 |
|       neighbor_k[2].neighbor_i[2].neighbor_j[0].blocking_channel_top  |     0.137 |
|       neighbor_k[2].neighbor_i[2].neighbor_j[0].neighbor_horizontal   |     0.044 |
|       neighbor_k[2].neighbor_i[2].neighbor_j[0].neighbor_updown       |     0.027 |
|       neighbor_k[2].neighbor_i[2].neighbor_j[0].neighbor_vertical     |     0.139 |
|       neighbor_k[2].neighbor_i[2].neighbor_j[1].blocking_channel_down |     0.169 |
|       neighbor_k[2].neighbor_i[2].neighbor_j[1].blocking_channel_left |     0.165 |
|       neighbor_k[2].neighbor_i[2].neighbor_j[1].blocking_channel_top  |     0.158 |
|       neighbor_k[2].neighbor_i[2].neighbor_j[1].neighbor_horizontal   |     0.195 |
|       neighbor_k[2].neighbor_i[2].neighbor_j[1].neighbor_updown       |     0.016 |
|       neighbor_k[2].neighbor_i[2].neighbor_j[1].neighbor_vertical     |     0.079 |
|       neighbor_k[2].neighbor_i[2].neighbor_j[2].blocking_channel_down |     0.220 |
|       neighbor_k[2].neighbor_i[2].neighbor_j[2].blocking_channel_left |     0.153 |
|       neighbor_k[2].neighbor_i[2].neighbor_j[2].blocking_channel_top  |     0.218 |
|       neighbor_k[2].neighbor_i[2].neighbor_j[2].neighbor_horizontal   |     0.034 |
|       neighbor_k[2].neighbor_i[2].neighbor_j[2].neighbor_updown       |     0.648 |
|       neighbor_k[2].neighbor_i[2].neighbor_j[2].neighbor_vertical     |     0.078 |
|       neighbor_k[2].neighbor_i[2].neighbor_j[3].blocking_channel_down |     0.233 |
|       neighbor_k[2].neighbor_i[2].neighbor_j[3].blocking_channel_left |     0.232 |
|       neighbor_k[2].neighbor_i[2].neighbor_j[3].blocking_channel_top  |     0.303 |
|       neighbor_k[2].neighbor_i[2].neighbor_j[3].neighbor_updown       |     0.796 |
|       neighbor_k[2].neighbor_i[2].neighbor_j[3].neighbor_vertical     |     0.022 |
|       neighbor_k[2].neighbor_i[3].neighbor_j[0].blocking_channel_down |     0.138 |
|       neighbor_k[2].neighbor_i[3].neighbor_j[0].blocking_channel_left |     0.194 |
|       neighbor_k[2].neighbor_i[3].neighbor_j[0].blocking_channel_top  |     0.152 |
|       neighbor_k[2].neighbor_i[3].neighbor_j[0].neighbor_horizontal   |     0.047 |
|       neighbor_k[2].neighbor_i[3].neighbor_j[0].neighbor_updown       |     0.203 |
|       neighbor_k[2].neighbor_i[3].neighbor_j[0].neighbor_vertical     |     0.021 |
|       neighbor_k[2].neighbor_i[3].neighbor_j[1].blocking_channel_down |     0.156 |
|       neighbor_k[2].neighbor_i[3].neighbor_j[1].blocking_channel_left |     0.132 |
|       neighbor_k[2].neighbor_i[3].neighbor_j[1].blocking_channel_top  |     0.161 |
|       neighbor_k[2].neighbor_i[3].neighbor_j[1].neighbor_horizontal   |     0.011 |
|       neighbor_k[2].neighbor_i[3].neighbor_j[1].neighbor_updown       |     0.249 |
|       neighbor_k[2].neighbor_i[3].neighbor_j[1].neighbor_vertical     |     0.013 |
|       neighbor_k[2].neighbor_i[3].neighbor_j[2].blocking_channel_down |     0.159 |
|       neighbor_k[2].neighbor_i[3].neighbor_j[2].blocking_channel_left |     0.131 |
|       neighbor_k[2].neighbor_i[3].neighbor_j[2].blocking_channel_top  |     0.143 |
|       neighbor_k[2].neighbor_i[3].neighbor_j[2].neighbor_horizontal   |     0.048 |
|       neighbor_k[2].neighbor_i[3].neighbor_j[2].neighbor_updown       |     0.281 |
|       neighbor_k[2].neighbor_i[3].neighbor_j[2].neighbor_vertical     |     0.016 |
|       neighbor_k[2].neighbor_i[3].neighbor_j[3].blocking_channel_down |     0.205 |
|       neighbor_k[2].neighbor_i[3].neighbor_j[3].blocking_channel_left |     0.134 |
|       neighbor_k[2].neighbor_i[3].neighbor_j[3].blocking_channel_top  |     0.211 |
|       neighbor_k[2].neighbor_i[3].neighbor_j[3].neighbor_updown       |     0.396 |
|       neighbor_k[2].neighbor_i[3].neighbor_j[3].neighbor_vertical     |     0.021 |
|       neighbor_k[2].neighbor_i[4].neighbor_j[0].blocking_channel_down |     0.149 |
|       neighbor_k[2].neighbor_i[4].neighbor_j[0].blocking_channel_left |     0.086 |
|       neighbor_k[2].neighbor_i[4].neighbor_j[0].blocking_channel_top  |     0.454 |
|       neighbor_k[2].neighbor_i[4].neighbor_j[0].neighbor_horizontal   |     0.028 |
|       neighbor_k[2].neighbor_i[4].neighbor_j[0].neighbor_updown       |     0.090 |
|       neighbor_k[2].neighbor_i[4].neighbor_j[1].blocking_channel_down |     0.213 |
|       neighbor_k[2].neighbor_i[4].neighbor_j[1].blocking_channel_left |     0.073 |
|       neighbor_k[2].neighbor_i[4].neighbor_j[1].blocking_channel_top  |     0.395 |
|       neighbor_k[2].neighbor_i[4].neighbor_j[1].neighbor_horizontal   |     0.030 |
|       neighbor_k[2].neighbor_i[4].neighbor_j[1].neighbor_updown       |     0.298 |
|       neighbor_k[2].neighbor_i[4].neighbor_j[2].blocking_channel_down |     0.193 |
|       neighbor_k[2].neighbor_i[4].neighbor_j[2].blocking_channel_left |     0.069 |
|       neighbor_k[2].neighbor_i[4].neighbor_j[2].blocking_channel_top  |     0.385 |
|       neighbor_k[2].neighbor_i[4].neighbor_j[2].neighbor_horizontal   |     0.021 |
|       neighbor_k[2].neighbor_i[4].neighbor_j[2].neighbor_updown       |     0.258 |
|       neighbor_k[2].neighbor_i[4].neighbor_j[3].blocking_channel_down |     0.166 |
|       neighbor_k[2].neighbor_i[4].neighbor_j[3].blocking_channel_left |     0.261 |
|       neighbor_k[2].neighbor_i[4].neighbor_j[3].blocking_channel_top  |     0.378 |
|       neighbor_k[2].neighbor_i[4].neighbor_j[3].neighbor_updown       |     0.174 |
|       neighbor_k[3].neighbor_i[0].neighbor_j[0].blocking_channel_down |     0.123 |
|       neighbor_k[3].neighbor_i[0].neighbor_j[0].blocking_channel_left |     0.145 |
|       neighbor_k[3].neighbor_i[0].neighbor_j[0].blocking_channel_top  |     0.153 |
|       neighbor_k[3].neighbor_i[0].neighbor_j[0].neighbor_horizontal   |     0.025 |
|       neighbor_k[3].neighbor_i[0].neighbor_j[0].neighbor_updown       |     0.134 |
|       neighbor_k[3].neighbor_i[0].neighbor_j[0].neighbor_vertical     |     0.023 |
|       neighbor_k[3].neighbor_i[0].neighbor_j[1].blocking_channel_down |     0.196 |
|       neighbor_k[3].neighbor_i[0].neighbor_j[1].blocking_channel_left |     0.096 |
|       neighbor_k[3].neighbor_i[0].neighbor_j[1].blocking_channel_top  |     0.346 |
|       neighbor_k[3].neighbor_i[0].neighbor_j[1].neighbor_horizontal   |     0.036 |
|       neighbor_k[3].neighbor_i[0].neighbor_j[1].neighbor_updown       |     0.267 |
|       neighbor_k[3].neighbor_i[0].neighbor_j[1].neighbor_vertical     |     0.068 |
|       neighbor_k[3].neighbor_i[0].neighbor_j[2].blocking_channel_down |     0.128 |
|       neighbor_k[3].neighbor_i[0].neighbor_j[2].blocking_channel_left |     0.068 |
|       neighbor_k[3].neighbor_i[0].neighbor_j[2].blocking_channel_top  |     0.259 |
|       neighbor_k[3].neighbor_i[0].neighbor_j[2].neighbor_horizontal   |     0.020 |
|       neighbor_k[3].neighbor_i[0].neighbor_j[2].neighbor_updown       |     0.267 |
|       neighbor_k[3].neighbor_i[0].neighbor_j[2].neighbor_vertical     |     0.079 |
|       neighbor_k[3].neighbor_i[0].neighbor_j[3].blocking_channel_down |     0.105 |
|       neighbor_k[3].neighbor_i[0].neighbor_j[3].blocking_channel_left |     0.268 |
|       neighbor_k[3].neighbor_i[0].neighbor_j[3].blocking_channel_top  |     0.166 |
|       neighbor_k[3].neighbor_i[0].neighbor_j[3].neighbor_updown       |     0.184 |
|       neighbor_k[3].neighbor_i[0].neighbor_j[3].neighbor_vertical     |     0.025 |
|       neighbor_k[3].neighbor_i[1].neighbor_j[0].blocking_channel_down |     0.107 |
|       neighbor_k[3].neighbor_i[1].neighbor_j[0].blocking_channel_left |     0.223 |
|       neighbor_k[3].neighbor_i[1].neighbor_j[0].blocking_channel_top  |     0.152 |
|       neighbor_k[3].neighbor_i[1].neighbor_j[0].neighbor_horizontal   |     0.045 |
|       neighbor_k[3].neighbor_i[1].neighbor_j[0].neighbor_updown       |     0.229 |
|       neighbor_k[3].neighbor_i[1].neighbor_j[0].neighbor_vertical     |     0.021 |
|       neighbor_k[3].neighbor_i[1].neighbor_j[1].blocking_channel_down |     0.157 |
|       neighbor_k[3].neighbor_i[1].neighbor_j[1].blocking_channel_left |     0.243 |
|       neighbor_k[3].neighbor_i[1].neighbor_j[1].blocking_channel_top  |     0.151 |
|       neighbor_k[3].neighbor_i[1].neighbor_j[1].neighbor_horizontal   |     0.016 |
|       neighbor_k[3].neighbor_i[1].neighbor_j[1].neighbor_updown       |     0.312 |
|       neighbor_k[3].neighbor_i[1].neighbor_j[1].neighbor_vertical     |     0.070 |
|       neighbor_k[3].neighbor_i[1].neighbor_j[2].blocking_channel_down |     0.141 |
|       neighbor_k[3].neighbor_i[1].neighbor_j[2].blocking_channel_left |     0.143 |
|       neighbor_k[3].neighbor_i[1].neighbor_j[2].blocking_channel_top  |     0.175 |
|       neighbor_k[3].neighbor_i[1].neighbor_j[2].neighbor_horizontal   |     0.043 |
|       neighbor_k[3].neighbor_i[1].neighbor_j[2].neighbor_updown       |     0.302 |
|       neighbor_k[3].neighbor_i[1].neighbor_j[2].neighbor_vertical     |     0.068 |
|       neighbor_k[3].neighbor_i[1].neighbor_j[3].blocking_channel_down |     0.199 |
|       neighbor_k[3].neighbor_i[1].neighbor_j[3].blocking_channel_left |     0.149 |
|       neighbor_k[3].neighbor_i[1].neighbor_j[3].blocking_channel_top  |     0.267 |
|       neighbor_k[3].neighbor_i[1].neighbor_j[3].neighbor_updown       |     0.027 |
|       neighbor_k[3].neighbor_i[1].neighbor_j[3].neighbor_vertical     |     0.374 |
|       neighbor_k[3].neighbor_i[2].neighbor_j[0].blocking_channel_down |     0.111 |
|       neighbor_k[3].neighbor_i[2].neighbor_j[0].blocking_channel_left |     0.242 |
|       neighbor_k[3].neighbor_i[2].neighbor_j[0].blocking_channel_top  |     0.144 |
|       neighbor_k[3].neighbor_i[2].neighbor_j[0].neighbor_horizontal   |     0.227 |
|       neighbor_k[3].neighbor_i[2].neighbor_j[0].neighbor_updown       |     0.028 |
|       neighbor_k[3].neighbor_i[2].neighbor_j[0].neighbor_vertical     |     0.253 |
|       neighbor_k[3].neighbor_i[2].neighbor_j[1].blocking_channel_down |     0.107 |
|       neighbor_k[3].neighbor_i[2].neighbor_j[1].blocking_channel_left |     0.148 |
|       neighbor_k[3].neighbor_i[2].neighbor_j[1].blocking_channel_top  |     0.160 |
|       neighbor_k[3].neighbor_i[2].neighbor_j[1].neighbor_horizontal   |     0.011 |
|       neighbor_k[3].neighbor_i[2].neighbor_j[1].neighbor_updown       |     0.255 |
|       neighbor_k[3].neighbor_i[2].neighbor_j[1].neighbor_vertical     |     0.072 |
|       neighbor_k[3].neighbor_i[2].neighbor_j[2].blocking_channel_down |     0.105 |
|       neighbor_k[3].neighbor_i[2].neighbor_j[2].blocking_channel_left |     0.141 |
|       neighbor_k[3].neighbor_i[2].neighbor_j[2].blocking_channel_top  |     0.153 |
|       neighbor_k[3].neighbor_i[2].neighbor_j[2].neighbor_horizontal   |     0.040 |
|       neighbor_k[3].neighbor_i[2].neighbor_j[2].neighbor_updown       |     0.011 |
|       neighbor_k[3].neighbor_i[2].neighbor_j[2].neighbor_vertical     |     0.080 |
|       neighbor_k[3].neighbor_i[2].neighbor_j[3].blocking_channel_down |     0.163 |
|       neighbor_k[3].neighbor_i[2].neighbor_j[3].blocking_channel_left |     0.136 |
|       neighbor_k[3].neighbor_i[2].neighbor_j[3].blocking_channel_top  |     0.199 |
|       neighbor_k[3].neighbor_i[2].neighbor_j[3].neighbor_updown       |     0.036 |
|       neighbor_k[3].neighbor_i[2].neighbor_j[3].neighbor_vertical     |     0.014 |
|       neighbor_k[3].neighbor_i[3].neighbor_j[0].blocking_channel_down |     0.118 |
|       neighbor_k[3].neighbor_i[3].neighbor_j[0].blocking_channel_left |     0.217 |
|       neighbor_k[3].neighbor_i[3].neighbor_j[0].blocking_channel_top  |     0.135 |
|       neighbor_k[3].neighbor_i[3].neighbor_j[0].neighbor_horizontal   |     0.045 |
|       neighbor_k[3].neighbor_i[3].neighbor_j[0].neighbor_updown       |     0.033 |
|       neighbor_k[3].neighbor_i[3].neighbor_j[0].neighbor_vertical     |     0.020 |
|       neighbor_k[3].neighbor_i[3].neighbor_j[1].blocking_channel_down |     0.105 |
|       neighbor_k[3].neighbor_i[3].neighbor_j[1].blocking_channel_left |     0.159 |
|       neighbor_k[3].neighbor_i[3].neighbor_j[1].blocking_channel_top  |     0.157 |
|       neighbor_k[3].neighbor_i[3].neighbor_j[1].neighbor_horizontal   |     0.016 |
|       neighbor_k[3].neighbor_i[3].neighbor_j[1].neighbor_updown       |     0.278 |
|       neighbor_k[3].neighbor_i[3].neighbor_j[1].neighbor_vertical     |     0.016 |
|       neighbor_k[3].neighbor_i[3].neighbor_j[2].blocking_channel_down |     0.110 |
|       neighbor_k[3].neighbor_i[3].neighbor_j[2].blocking_channel_left |     0.139 |
|       neighbor_k[3].neighbor_i[3].neighbor_j[2].blocking_channel_top  |     0.141 |
|       neighbor_k[3].neighbor_i[3].neighbor_j[2].neighbor_horizontal   |     0.048 |
|       neighbor_k[3].neighbor_i[3].neighbor_j[2].neighbor_updown       |     0.016 |
|       neighbor_k[3].neighbor_i[3].neighbor_j[2].neighbor_vertical     |     0.375 |
|       neighbor_k[3].neighbor_i[3].neighbor_j[3].blocking_channel_down |     0.162 |
|       neighbor_k[3].neighbor_i[3].neighbor_j[3].blocking_channel_left |     0.141 |
|       neighbor_k[3].neighbor_i[3].neighbor_j[3].blocking_channel_top  |     0.192 |
|       neighbor_k[3].neighbor_i[3].neighbor_j[3].neighbor_updown       |     0.359 |
|       neighbor_k[3].neighbor_i[3].neighbor_j[3].neighbor_vertical     |     0.022 |
|       neighbor_k[3].neighbor_i[4].neighbor_j[0].blocking_channel_down |     0.108 |
|       neighbor_k[3].neighbor_i[4].neighbor_j[0].blocking_channel_left |     0.085 |
|       neighbor_k[3].neighbor_i[4].neighbor_j[0].blocking_channel_top  |     0.493 |
|       neighbor_k[3].neighbor_i[4].neighbor_j[0].neighbor_horizontal   |     0.027 |
|       neighbor_k[3].neighbor_i[4].neighbor_j[0].neighbor_updown       |     0.220 |
|       neighbor_k[3].neighbor_i[4].neighbor_j[1].blocking_channel_down |     0.188 |
|       neighbor_k[3].neighbor_i[4].neighbor_j[1].blocking_channel_left |     0.062 |
|       neighbor_k[3].neighbor_i[4].neighbor_j[1].blocking_channel_top  |     0.402 |
|       neighbor_k[3].neighbor_i[4].neighbor_j[1].neighbor_horizontal   |     0.336 |
|       neighbor_k[3].neighbor_i[4].neighbor_j[1].neighbor_updown       |     0.014 |
|       neighbor_k[3].neighbor_i[4].neighbor_j[2].blocking_channel_down |     0.206 |
|       neighbor_k[3].neighbor_i[4].neighbor_j[2].blocking_channel_left |     0.060 |
|       neighbor_k[3].neighbor_i[4].neighbor_j[2].blocking_channel_top  |     0.386 |
|       neighbor_k[3].neighbor_i[4].neighbor_j[2].neighbor_horizontal   |     0.020 |
|       neighbor_k[3].neighbor_i[4].neighbor_j[2].neighbor_updown       |     0.298 |
|       neighbor_k[3].neighbor_i[4].neighbor_j[3].blocking_channel_down |     0.144 |
|       neighbor_k[3].neighbor_i[4].neighbor_j[3].blocking_channel_left |     0.160 |
|       neighbor_k[3].neighbor_i[4].neighbor_j[3].blocking_channel_top  |     0.431 |
|       neighbor_k[3].neighbor_i[4].neighbor_j[3].neighbor_updown       |     0.269 |
|       neighbor_k[4].neighbor_i[0].neighbor_j[0].blocking_channel_down |     0.242 |
|       neighbor_k[4].neighbor_i[0].neighbor_j[0].blocking_channel_left |     0.154 |
|       neighbor_k[4].neighbor_i[0].neighbor_j[0].blocking_channel_top  |     0.154 |
|       neighbor_k[4].neighbor_i[0].neighbor_j[0].neighbor_horizontal   |     0.015 |
|       neighbor_k[4].neighbor_i[0].neighbor_j[0].neighbor_vertical     |     0.095 |
|       neighbor_k[4].neighbor_i[0].neighbor_j[1].blocking_channel_down |     0.288 |
|       neighbor_k[4].neighbor_i[0].neighbor_j[1].blocking_channel_left |     0.236 |
|       neighbor_k[4].neighbor_i[0].neighbor_j[1].blocking_channel_top  |     0.159 |
|       neighbor_k[4].neighbor_i[0].neighbor_j[1].neighbor_horizontal   |     0.013 |
|       neighbor_k[4].neighbor_i[0].neighbor_j[1].neighbor_vertical     |     0.132 |
|       neighbor_k[4].neighbor_i[0].neighbor_j[2].blocking_channel_down |     0.325 |
|       neighbor_k[4].neighbor_i[0].neighbor_j[2].blocking_channel_left |     0.231 |
|       neighbor_k[4].neighbor_i[0].neighbor_j[2].blocking_channel_top  |     0.137 |
|       neighbor_k[4].neighbor_i[0].neighbor_j[2].neighbor_horizontal   |     0.015 |
|       neighbor_k[4].neighbor_i[0].neighbor_j[2].neighbor_vertical     |     0.127 |
|       neighbor_k[4].neighbor_i[0].neighbor_j[3].blocking_channel_down |     0.279 |
|       neighbor_k[4].neighbor_i[0].neighbor_j[3].blocking_channel_left |     0.313 |
|       neighbor_k[4].neighbor_i[0].neighbor_j[3].blocking_channel_top  |     0.171 |
|       neighbor_k[4].neighbor_i[0].neighbor_j[3].neighbor_vertical     |     0.141 |
|       neighbor_k[4].neighbor_i[1].neighbor_j[0].blocking_channel_down |     0.252 |
|       neighbor_k[4].neighbor_i[1].neighbor_j[0].blocking_channel_left |     0.152 |
|       neighbor_k[4].neighbor_i[1].neighbor_j[0].blocking_channel_top  |     0.128 |
|       neighbor_k[4].neighbor_i[1].neighbor_j[0].neighbor_horizontal   |     0.135 |
|       neighbor_k[4].neighbor_i[1].neighbor_j[0].neighbor_vertical     |     0.100 |
|       neighbor_k[4].neighbor_i[1].neighbor_j[1].blocking_channel_down |     0.289 |
|       neighbor_k[4].neighbor_i[1].neighbor_j[1].blocking_channel_left |     0.080 |
|       neighbor_k[4].neighbor_i[1].neighbor_j[1].blocking_channel_top  |     0.307 |
|       neighbor_k[4].neighbor_i[1].neighbor_j[1].neighbor_horizontal   |     0.020 |
|       neighbor_k[4].neighbor_i[1].neighbor_j[1].neighbor_vertical     |     0.274 |
|       neighbor_k[4].neighbor_i[1].neighbor_j[2].blocking_channel_down |     0.254 |
|       neighbor_k[4].neighbor_i[1].neighbor_j[2].blocking_channel_left |     0.081 |
|       neighbor_k[4].neighbor_i[1].neighbor_j[2].blocking_channel_top  |     0.292 |
|       neighbor_k[4].neighbor_i[1].neighbor_j[2].neighbor_horizontal   |     0.283 |
|       neighbor_k[4].neighbor_i[1].neighbor_j[2].neighbor_vertical     |     0.288 |
|       neighbor_k[4].neighbor_i[1].neighbor_j[3].blocking_channel_down |     0.210 |
|       neighbor_k[4].neighbor_i[1].neighbor_j[3].blocking_channel_left |     0.285 |
|       neighbor_k[4].neighbor_i[1].neighbor_j[3].blocking_channel_top  |     0.153 |
|       neighbor_k[4].neighbor_i[1].neighbor_j[3].neighbor_vertical     |     0.334 |
|       neighbor_k[4].neighbor_i[2].neighbor_j[0].blocking_channel_down |     0.267 |
|       neighbor_k[4].neighbor_i[2].neighbor_j[0].blocking_channel_left |     0.162 |
|       neighbor_k[4].neighbor_i[2].neighbor_j[0].blocking_channel_top  |     0.126 |
|       neighbor_k[4].neighbor_i[2].neighbor_j[0].neighbor_horizontal   |     0.020 |
|       neighbor_k[4].neighbor_i[2].neighbor_j[0].neighbor_vertical     |     0.020 |
|       neighbor_k[4].neighbor_i[2].neighbor_j[1].blocking_channel_down |     0.275 |
|       neighbor_k[4].neighbor_i[2].neighbor_j[1].blocking_channel_left |     0.069 |
|       neighbor_k[4].neighbor_i[2].neighbor_j[1].blocking_channel_top  |     0.318 |
|       neighbor_k[4].neighbor_i[2].neighbor_j[1].neighbor_horizontal   |     0.279 |
|       neighbor_k[4].neighbor_i[2].neighbor_j[1].neighbor_vertical     |     0.278 |
|       neighbor_k[4].neighbor_i[2].neighbor_j[2].blocking_channel_down |     0.239 |
|       neighbor_k[4].neighbor_i[2].neighbor_j[2].blocking_channel_left |     0.101 |
|       neighbor_k[4].neighbor_i[2].neighbor_j[2].blocking_channel_top  |     0.280 |
|       neighbor_k[4].neighbor_i[2].neighbor_j[2].neighbor_horizontal   |     0.013 |
|       neighbor_k[4].neighbor_i[2].neighbor_j[2].neighbor_vertical     |     0.359 |
|       neighbor_k[4].neighbor_i[2].neighbor_j[3].blocking_channel_down |     0.202 |
|       neighbor_k[4].neighbor_i[2].neighbor_j[3].blocking_channel_left |     0.264 |
|       neighbor_k[4].neighbor_i[2].neighbor_j[3].blocking_channel_top  |     0.121 |
|       neighbor_k[4].neighbor_i[2].neighbor_j[3].neighbor_vertical     |     0.013 |
|       neighbor_k[4].neighbor_i[3].neighbor_j[0].blocking_channel_down |     0.248 |
|       neighbor_k[4].neighbor_i[3].neighbor_j[0].blocking_channel_left |     0.217 |
|       neighbor_k[4].neighbor_i[3].neighbor_j[0].blocking_channel_top  |     0.149 |
|       neighbor_k[4].neighbor_i[3].neighbor_j[0].neighbor_horizontal   |     0.021 |
|       neighbor_k[4].neighbor_i[3].neighbor_j[0].neighbor_vertical     |     0.234 |
|       neighbor_k[4].neighbor_i[3].neighbor_j[1].blocking_channel_down |     0.284 |
|       neighbor_k[4].neighbor_i[3].neighbor_j[1].blocking_channel_left |     0.079 |
|       neighbor_k[4].neighbor_i[3].neighbor_j[1].blocking_channel_top  |     0.341 |
|       neighbor_k[4].neighbor_i[3].neighbor_j[1].neighbor_horizontal   |     0.018 |
|       neighbor_k[4].neighbor_i[3].neighbor_j[1].neighbor_vertical     |     0.040 |
|       neighbor_k[4].neighbor_i[3].neighbor_j[2].blocking_channel_down |     0.242 |
|       neighbor_k[4].neighbor_i[3].neighbor_j[2].blocking_channel_left |     0.110 |
|       neighbor_k[4].neighbor_i[3].neighbor_j[2].blocking_channel_top  |     0.297 |
|       neighbor_k[4].neighbor_i[3].neighbor_j[2].neighbor_horizontal   |     0.012 |
|       neighbor_k[4].neighbor_i[3].neighbor_j[2].neighbor_vertical     |     0.026 |
|       neighbor_k[4].neighbor_i[3].neighbor_j[3].blocking_channel_down |     0.264 |
|       neighbor_k[4].neighbor_i[3].neighbor_j[3].blocking_channel_left |     0.257 |
|       neighbor_k[4].neighbor_i[3].neighbor_j[3].blocking_channel_top  |     0.161 |
|       neighbor_k[4].neighbor_i[3].neighbor_j[3].neighbor_vertical     |     0.180 |
|       neighbor_k[4].neighbor_i[4].neighbor_j[0].blocking_channel_down |     0.265 |
|       neighbor_k[4].neighbor_i[4].neighbor_j[0].blocking_channel_left |     0.067 |
|       neighbor_k[4].neighbor_i[4].neighbor_j[0].blocking_channel_top  |     0.492 |
|       neighbor_k[4].neighbor_i[4].neighbor_j[0].neighbor_horizontal   |     0.018 |
|       neighbor_k[4].neighbor_i[4].neighbor_j[1].blocking_channel_down |     0.242 |
|       neighbor_k[4].neighbor_i[4].neighbor_j[1].blocking_channel_left |     0.244 |
|       neighbor_k[4].neighbor_i[4].neighbor_j[1].blocking_channel_top  |     0.530 |
|       neighbor_k[4].neighbor_i[4].neighbor_j[1].neighbor_horizontal   |     0.148 |
|       neighbor_k[4].neighbor_i[4].neighbor_j[2].blocking_channel_down |     0.237 |
|       neighbor_k[4].neighbor_i[4].neighbor_j[2].blocking_channel_left |     0.099 |
|       neighbor_k[4].neighbor_i[4].neighbor_j[2].blocking_channel_top  |     0.521 |
|       neighbor_k[4].neighbor_i[4].neighbor_j[2].neighbor_horizontal   |     0.287 |
|       neighbor_k[4].neighbor_i[4].neighbor_j[3].blocking_channel_down |     0.286 |
|       neighbor_k[4].neighbor_i[4].neighbor_j[3].blocking_channel_left |     0.180 |
|       neighbor_k[4].neighbor_i[4].neighbor_j[3].blocking_channel_top  |     0.438 |
|       pu_k[0].pu_i[0].pu_j[0].u_processing_unit                       |     1.212 |
|       pu_k[0].pu_i[0].pu_j[1].u_processing_unit                       |     1.135 |
|       pu_k[0].pu_i[0].pu_j[2].u_processing_unit                       |     1.101 |
|       pu_k[0].pu_i[0].pu_j[3].u_processing_unit                       |     0.958 |
|       pu_k[0].pu_i[1].pu_j[0].u_processing_unit                       |     0.994 |
|       pu_k[0].pu_i[1].pu_j[1].u_processing_unit                       |     0.950 |
|       pu_k[0].pu_i[1].pu_j[2].u_processing_unit                       |     0.852 |
|       pu_k[0].pu_i[1].pu_j[3].u_processing_unit                       |     0.843 |
|       pu_k[0].pu_i[2].pu_j[0].u_processing_unit                       |     0.814 |
|       pu_k[0].pu_i[2].pu_j[1].u_processing_unit                       |     0.860 |
|       pu_k[0].pu_i[2].pu_j[2].u_processing_unit                       |     0.829 |
|       pu_k[0].pu_i[2].pu_j[3].u_processing_unit                       |     0.838 |
|       pu_k[0].pu_i[3].pu_j[0].u_processing_unit                       |     0.895 |
|       pu_k[0].pu_i[3].pu_j[1].u_processing_unit                       |     0.909 |
|       pu_k[0].pu_i[3].pu_j[2].u_processing_unit                       |     0.883 |
|       pu_k[0].pu_i[3].pu_j[3].u_processing_unit                       |     0.756 |
|       pu_k[0].pu_i[4].pu_j[0].u_processing_unit                       |     0.875 |
|       pu_k[0].pu_i[4].pu_j[1].u_processing_unit                       |     0.758 |
|       pu_k[0].pu_i[4].pu_j[2].u_processing_unit                       |     0.917 |
|       pu_k[0].pu_i[4].pu_j[3].u_processing_unit                       |     0.665 |
|       pu_k[1].pu_i[0].pu_j[0].u_processing_unit                       |     0.936 |
|       pu_k[1].pu_i[0].pu_j[1].u_processing_unit                       |     0.869 |
|       pu_k[1].pu_i[0].pu_j[2].u_processing_unit                       |     1.490 |
|       pu_k[1].pu_i[0].pu_j[3].u_processing_unit                       |     0.843 |
|       pu_k[1].pu_i[1].pu_j[0].u_processing_unit                       |     0.815 |
|       pu_k[1].pu_i[1].pu_j[1].u_processing_unit                       |     0.805 |
|       pu_k[1].pu_i[1].pu_j[2].u_processing_unit                       |     2.576 |
|       pu_k[1].pu_i[1].pu_j[3].u_processing_unit                       |     0.757 |
|       pu_k[1].pu_i[2].pu_j[0].u_processing_unit                       |     0.797 |
|       pu_k[1].pu_i[2].pu_j[1].u_processing_unit                       |     0.767 |
|       pu_k[1].pu_i[2].pu_j[2].u_processing_unit                       |     0.920 |
|       pu_k[1].pu_i[2].pu_j[3].u_processing_unit                       |     0.817 |
|       pu_k[1].pu_i[3].pu_j[0].u_processing_unit                       |     0.727 |
|       pu_k[1].pu_i[3].pu_j[1].u_processing_unit                       |     1.206 |
|       pu_k[1].pu_i[3].pu_j[2].u_processing_unit                       |     0.851 |
|       pu_k[1].pu_i[3].pu_j[3].u_processing_unit                       |     0.829 |
|       pu_k[1].pu_i[4].pu_j[0].u_processing_unit                       |     0.801 |
|       pu_k[1].pu_i[4].pu_j[1].u_processing_unit                       |     1.469 |
|       pu_k[1].pu_i[4].pu_j[2].u_processing_unit                       |     0.832 |
|       pu_k[1].pu_i[4].pu_j[3].u_processing_unit                       |     0.663 |
|       pu_k[2].pu_i[0].pu_j[0].u_processing_unit                       |     1.026 |
|       pu_k[2].pu_i[0].pu_j[1].u_processing_unit                       |     1.005 |
|       pu_k[2].pu_i[0].pu_j[2].u_processing_unit                       |     1.009 |
|       pu_k[2].pu_i[0].pu_j[3].u_processing_unit                       |     0.782 |
|       pu_k[2].pu_i[1].pu_j[0].u_processing_unit                       |     0.996 |
|       pu_k[2].pu_i[1].pu_j[1].u_processing_unit                       |     0.895 |
|       pu_k[2].pu_i[1].pu_j[2].u_processing_unit                       |     0.864 |
|       pu_k[2].pu_i[1].pu_j[3].u_processing_unit                       |     0.709 |
|       pu_k[2].pu_i[2].pu_j[0].u_processing_unit                       |     0.756 |
|       pu_k[2].pu_i[2].pu_j[1].u_processing_unit                       |     0.922 |
|       pu_k[2].pu_i[2].pu_j[2].u_processing_unit                       |     0.967 |
|       pu_k[2].pu_i[2].pu_j[3].u_processing_unit                       |     0.819 |
|       pu_k[2].pu_i[3].pu_j[0].u_processing_unit                       |     1.352 |
|       pu_k[2].pu_i[3].pu_j[1].u_processing_unit                       |     1.128 |
|       pu_k[2].pu_i[3].pu_j[2].u_processing_unit                       |     0.778 |
|       pu_k[2].pu_i[3].pu_j[3].u_processing_unit                       |     0.725 |
|       pu_k[2].pu_i[4].pu_j[0].u_processing_unit                       |     0.764 |
|       pu_k[2].pu_i[4].pu_j[1].u_processing_unit                       |     0.746 |
|       pu_k[2].pu_i[4].pu_j[2].u_processing_unit                       |     0.839 |
|       pu_k[2].pu_i[4].pu_j[3].u_processing_unit                       |     0.704 |
|       pu_k[3].pu_i[0].pu_j[0].u_processing_unit                       |     1.132 |
|       pu_k[3].pu_i[0].pu_j[1].u_processing_unit                       |     1.221 |
|       pu_k[3].pu_i[0].pu_j[2].u_processing_unit                       |     1.056 |
|       pu_k[3].pu_i[0].pu_j[3].u_processing_unit                       |     0.876 |
|       pu_k[3].pu_i[1].pu_j[0].u_processing_unit                       |     0.908 |
|       pu_k[3].pu_i[1].pu_j[1].u_processing_unit                       |     1.109 |
|       pu_k[3].pu_i[1].pu_j[2].u_processing_unit                       |     0.784 |
|       pu_k[3].pu_i[1].pu_j[3].u_processing_unit                       |     0.763 |
|       pu_k[3].pu_i[2].pu_j[0].u_processing_unit                       |     2.759 |
|       pu_k[3].pu_i[2].pu_j[1].u_processing_unit                       |     0.847 |
|       pu_k[3].pu_i[2].pu_j[2].u_processing_unit                       |    34.335 |
|       pu_k[3].pu_i[2].pu_j[3].u_processing_unit                       |     0.922 |
|       pu_k[3].pu_i[3].pu_j[0].u_processing_unit                       |     0.799 |
|       pu_k[3].pu_i[3].pu_j[1].u_processing_unit                       |     0.857 |
|       pu_k[3].pu_i[3].pu_j[2].u_processing_unit                       |     0.808 |
|       pu_k[3].pu_i[3].pu_j[3].u_processing_unit                       |     0.754 |
|       pu_k[3].pu_i[4].pu_j[0].u_processing_unit                       |     0.777 |
|       pu_k[3].pu_i[4].pu_j[1].u_processing_unit                       |     0.846 |
|       pu_k[3].pu_i[4].pu_j[2].u_processing_unit                       |     0.784 |
|       pu_k[3].pu_i[4].pu_j[3].u_processing_unit                       |     0.675 |
|       pu_k[4].pu_i[0].pu_j[0].u_processing_unit                       |     1.079 |
|       pu_k[4].pu_i[0].pu_j[1].u_processing_unit                       |     0.794 |
|       pu_k[4].pu_i[0].pu_j[2].u_processing_unit                       |     0.916 |
|       pu_k[4].pu_i[0].pu_j[3].u_processing_unit                       |     0.887 |
|       pu_k[4].pu_i[1].pu_j[0].u_processing_unit                       |     0.768 |
|       pu_k[4].pu_i[1].pu_j[1].u_processing_unit                       |     0.855 |
|       pu_k[4].pu_i[1].pu_j[2].u_processing_unit                       |     0.968 |
|       pu_k[4].pu_i[1].pu_j[3].u_processing_unit                       |     0.784 |
|       pu_k[4].pu_i[2].pu_j[0].u_processing_unit                       |     0.764 |
|       pu_k[4].pu_i[2].pu_j[1].u_processing_unit                       |     0.915 |
|       pu_k[4].pu_i[2].pu_j[2].u_processing_unit                       |     0.809 |
|       pu_k[4].pu_i[2].pu_j[3].u_processing_unit                       |     0.721 |
|       pu_k[4].pu_i[3].pu_j[0].u_processing_unit                       |     0.816 |
|       pu_k[4].pu_i[3].pu_j[1].u_processing_unit                       |     2.147 |
|       pu_k[4].pu_i[3].pu_j[2].u_processing_unit                       |     0.957 |
|       pu_k[4].pu_i[3].pu_j[3].u_processing_unit                       |     0.817 |
|       pu_k[4].pu_i[4].pu_j[0].u_processing_unit                       |     0.788 |
|       pu_k[4].pu_i[4].pu_j[1].u_processing_unit                       |     0.813 |
|       pu_k[4].pu_i[4].pu_j[2].u_processing_unit                       |     0.907 |
|       pu_k[4].pu_i[4].pu_j[3].u_processing_unit                       |     0.652 |
|     u_decoder_stage_controller                                        |     2.077 |
|       result_calculator                                               |     0.006 |
+-----------------------------------------------------------------------+-----------+


