Vivado Simulator v2022.2
Copyright 1986-1999, 2001-2022 Xilinx, Inc. All Rights Reserved.
Running: C:/Xilinx/Vivado/2022.2/bin/unwrapped/win64.o/xelab.exe --incr --debug typical --relax --mt 2 -L xil_defaultlib -L uvm -L unisims_ver -L unimacro_ver -L secureip --snapshot standard_planar_code_3d_no_fast_channel_left_behav xil_defaultlib.standard_planar_code_3d_no_fast_channel_left xil_defaultlib.glbl -log elaborate.log 
Using 2 slave threads.
Starting static elaboration
Pass Through NonSizing Optimizer
WARNING: [VRFC 10-3091] actual bit length 12 differs from formal bit length 32 for port 'master_fifo_out_data' [C:/Helios_scalable_QEC/design/wrappers/standard_planar_code_2d_left.sv:255]
WARNING: [VRFC 10-3091] actual bit length 12 differs from formal bit length 32 for port 'master_fifo_in_data' [C:/Helios_scalable_QEC/design/wrappers/standard_planar_code_2d_left.sv:258]
WARNING: [VRFC 10-3091] actual bit length 32 differs from formal bit length 12 for port 'din' [C:/Helios_scalable_QEC/design/channels/pu_arbitration.sv:128]
WARNING: [VRFC 10-3091] actual bit length 32 differs from formal bit length 12 for port 'dout' [C:/Helios_scalable_QEC/design/channels/pu_arbitration.sv:131]
Completed static elaboration
Starting simulation data flow analysis
WARNING: [XSIM 43-4099] "C:/Helios_scalable_QEC/design/generics/fifo_fwft.v" Line 1. Module fifo_fwft(WIDTH=11) doesn't have a timescale but at least one module in design has a timescale.
WARNING: [XSIM 43-4099] "C:/Helios_scalable_QEC/design/generics/fifo_fwft.v" Line 1. Module fifo_fwft(WIDTH=11) doesn't have a timescale but at least one module in design has a timescale.
WARNING: [XSIM 43-4099] "C:/Helios_scalable_QEC/design/generics/fifo_fwft.v" Line 1. Module fifo_fwft(WIDTH=11) doesn't have a timescale but at least one module in design has a timescale.
WARNING: [XSIM 43-4099] "C:/Helios_scalable_QEC/design/generics/fifo_fwft.v" Line 1. Module fifo_fwft(WIDTH=11) doesn't have a timescale but at least one module in design has a timescale.
WARNING: [XSIM 43-4099] "C:/Helios_scalable_QEC/design/generics/fifo_fwft.v" Line 1. Module fifo_fwft(WIDTH=11) doesn't have a timescale but at least one module in design has a timescale.
WARNING: [XSIM 43-4099] "C:/Helios_scalable_QEC/design/generics/fifo_fwft.v" Line 1. Module fifo_fwft(WIDTH=11) doesn't have a timescale but at least one module in design has a timescale.
WARNING: [XSIM 43-4099] "C:/Helios_scalable_QEC/design/generics/fifo_fwft.v" Line 1. Module fifo_fwft(WIDTH=11) doesn't have a timescale but at least one module in design has a timescale.
WARNING: [XSIM 43-4099] "C:/Helios_scalable_QEC/design/generics/fifo_fwft.v" Line 1. Module fifo_fwft(WIDTH=11) doesn't have a timescale but at least one module in design has a timescale.
WARNING: [XSIM 43-4099] "C:/Helios_scalable_QEC/design/generics/fifo_fwft.v" Line 1. Module fifo_fwft(WIDTH=11) doesn't have a timescale but at least one module in design has a timescale.
WARNING: [XSIM 43-4099] "C:/Helios_scalable_QEC/design/generics/fifo_fwft.v" Line 1. Module fifo_fwft(WIDTH=11) doesn't have a timescale but at least one module in design has a timescale.
WARNING: [XSIM 43-4099] "C:/Helios_scalable_QEC/design/generics/fifo_fwft.v" Line 1. Module fifo_fwft(WIDTH=11) doesn't have a timescale but at least one module in design has a timescale.
WARNING: [XSIM 43-4099] "C:/Helios_scalable_QEC/design/generics/fifo_fwft.v" Line 1. Module fifo_fwft(WIDTH=11) doesn't have a timescale but at least one module in design has a timescale.
WARNING: [XSIM 43-4099] "C:/Helios_scalable_QEC/design/generics/fifo_fwft.v" Line 1. Module fifo_fwft(WIDTH=11) doesn't have a timescale but at least one module in design has a timescale.
WARNING: [XSIM 43-4099] "C:/Helios_scalable_QEC/design/generics/fifo_fwft.v" Line 1. Module fifo_fwft(WIDTH=11) doesn't have a timescale but at least one module in design has a timescale.
WARNING: [XSIM 43-4099] "C:/Helios_scalable_QEC/design/generics/fifo_fwft.v" Line 1. Module fifo_fwft(WIDTH=11) doesn't have a timescale but at least one module in design has a timescale.
WARNING: [XSIM 43-4099] "C:/Helios_scalable_QEC/design/generics/fifo_fwft.v" Line 1. Module fifo_fwft(WIDTH=11) doesn't have a timescale but at least one module in design has a timescale.
WARNING: [XSIM 43-4099] "C:/Helios_scalable_QEC/design/generics/fifo_fwft.v" Line 1. Module fifo_fwft(WIDTH=11) doesn't have a timescale but at least one module in design has a timescale.
WARNING: [XSIM 43-4099] "C:/Helios_scalable_QEC/design/generics/fifo_fwft.v" Line 1. Module fifo_fwft(WIDTH=11) doesn't have a timescale but at least one module in design has a timescale.
WARNING: [XSIM 43-4099] "C:/Helios_scalable_QEC/design/generics/fifo_fwft.v" Line 1. Module fifo_fwft(WIDTH=11) doesn't have a timescale but at least one module in design has a timescale.
WARNING: [XSIM 43-4099] "C:/Helios_scalable_QEC/design/generics/fifo_fwft.v" Line 1. Module fifo_fwft(WIDTH=11) doesn't have a timescale but at least one module in design has a timescale.
WARNING: [XSIM 43-4099] "C:/Helios_scalable_QEC/design/generics/fifo_fwft.v" Line 1. Module fifo_fwft(WIDTH=11) doesn't have a timescale but at least one module in design has a timescale.
WARNING: [XSIM 43-4099] "C:/Helios_scalable_QEC/design/generics/fifo_fwft.v" Line 1. Module fifo_fwft(WIDTH=11) doesn't have a timescale but at least one module in design has a timescale.
WARNING: [XSIM 43-4099] "C:/Helios_scalable_QEC/design/generics/fifo_fwft.v" Line 1. Module fifo_fwft(WIDTH=11) doesn't have a timescale but at least one module in design has a timescale.
WARNING: [XSIM 43-4099] "C:/Helios_scalable_QEC/design/generics/fifo_fwft.v" Line 1. Module fifo_fwft(WIDTH=11) doesn't have a timescale but at least one module in design has a timescale.
WARNING: [XSIM 43-4099] "C:/Helios_scalable_QEC/design/generics/fifo_fwft.v" Line 1. Module fifo_fwft(WIDTH=11) doesn't have a timescale but at least one module in design has a timescale.
WARNING: [XSIM 43-4099] "C:/Helios_scalable_QEC/design/generics/fifo_fwft.v" Line 1. Module fifo_fwft(WIDTH=11) doesn't have a timescale but at least one module in design has a timescale.
WARNING: [XSIM 43-4099] "C:/Helios_scalable_QEC/design/generics/fifo_fwft.v" Line 1. Module fifo_fwft(WIDTH=11) doesn't have a timescale but at least one module in design has a timescale.
WARNING: [XSIM 43-4099] "C:/Helios_scalable_QEC/design/generics/fifo_fwft.v" Line 1. Module fifo_fwft(WIDTH=11) doesn't have a timescale but at least one module in design has a timescale.
WARNING: [XSIM 43-4099] "C:/Helios_scalable_QEC/design/generics/fifo_fwft.v" Line 1. Module fifo_fwft(WIDTH=11) doesn't have a timescale but at least one module in design has a timescale.
WARNING: [XSIM 43-4099] "C:/Helios_scalable_QEC/design/generics/fifo_fwft.v" Line 1. Module fifo_fwft(WIDTH=11) doesn't have a timescale but at least one module in design has a timescale.
WARNING: [XSIM 43-4099] "C:/Helios_scalable_QEC/design/generics/fifo_fwft.v" Line 1. Module fifo_fwft(WIDTH=11) doesn't have a timescale but at least one module in design has a timescale.
WARNING: [XSIM 43-4099] "C:/Helios_scalable_QEC/design/generics/fifo_fwft.v" Line 1. Module fifo_fwft(WIDTH=11) doesn't have a timescale but at least one module in design has a timescale.
WARNING: [XSIM 43-4099] "C:/Helios_scalable_QEC/design/generics/fifo_fwft.v" Line 1. Module fifo_fwft(WIDTH=11) doesn't have a timescale but at least one module in design has a timescale.
WARNING: [XSIM 43-4099] "C:/Helios_scalable_QEC/design/generics/fifo_fwft.v" Line 1. Module fifo_fwft(WIDTH=11) doesn't have a timescale but at least one module in design has a timescale.
WARNING: [XSIM 43-4099] "C:/Helios_scalable_QEC/design/generics/fifo_fwft.v" Line 1. Module fifo_fwft(WIDTH=11) doesn't have a timescale but at least one module in design has a timescale.
WARNING: [XSIM 43-4099] "C:/Helios_scalable_QEC/design/generics/fifo_fwft.v" Line 1. Module fifo_fwft(WIDTH=11) doesn't have a timescale but at least one module in design has a timescale.
WARNING: [XSIM 43-4099] "C:/Helios_scalable_QEC/design/generics/fifo_fwft.v" Line 1. Module fifo_fwft(WIDTH=11) doesn't have a timescale but at least one module in design has a timescale.
WARNING: [XSIM 43-4099] "C:/Helios_scalable_QEC/design/generics/fifo_fwft.v" Line 1. Module fifo_fwft(WIDTH=11) doesn't have a timescale but at least one module in design has a timescale.
WARNING: [XSIM 43-4099] "C:/Helios_scalable_QEC/design/generics/fifo_fwft.v" Line 1. Module fifo_fwft(WIDTH=11) doesn't have a timescale but at least one module in design has a timescale.
WARNING: [XSIM 43-4099] "C:/Helios_scalable_QEC/design/generics/fifo_fwft.v" Line 1. Module fifo_fwft(WIDTH=11) doesn't have a timescale but at least one module in design has a timescale.
WARNING: [XSIM 43-4099] "C:/Helios_scalable_QEC/design/generics/fifo_fwft.v" Line 1. Module fifo_fwft(WIDTH=11) doesn't have a timescale but at least one module in design has a timescale.
WARNING: [XSIM 43-4099] "C:/Helios_scalable_QEC/design/generics/fifo_fwft.v" Line 1. Module fifo_fwft(WIDTH=11) doesn't have a timescale but at least one module in design has a timescale.
WARNING: [XSIM 43-4099] "C:/Helios_scalable_QEC/design/generics/fifo_fwft.v" Line 1. Module fifo_fwft(WIDTH=11) doesn't have a timescale but at least one module in design has a timescale.
WARNING: [XSIM 43-4099] "C:/Helios_scalable_QEC/design/generics/fifo_fwft.v" Line 1. Module fifo_fwft(WIDTH=11) doesn't have a timescale but at least one module in design has a timescale.
WARNING: [XSIM 43-4099] "C:/Helios_scalable_QEC/design/generics/fifo_fwft.v" Line 1. Module fifo_fwft(WIDTH=11) doesn't have a timescale but at least one module in design has a timescale.
WARNING: [XSIM 43-4099] "C:/Helios_scalable_QEC/design/generics/fifo_fwft.v" Line 1. Module fifo_fwft(WIDTH=11) doesn't have a timescale but at least one module in design has a timescale.
WARNING: [XSIM 43-4099] "C:/Helios_scalable_QEC/design/generics/fifo_fwft.v" Line 1. Module fifo_fwft(WIDTH=11) doesn't have a timescale but at least one module in design has a timescale.
WARNING: [XSIM 43-4099] "C:/Helios_scalable_QEC/design/generics/fifo_fwft.v" Line 1. Module fifo_fwft(WIDTH=11) doesn't have a timescale but at least one module in design has a timescale.
WARNING: [XSIM 43-4099] "C:/Helios_scalable_QEC/design/generics/fifo_fwft.v" Line 1. Module fifo_fwft(WIDTH=11) doesn't have a timescale but at least one module in design has a timescale.
WARNING: [XSIM 43-4099] "C:/Helios_scalable_QEC/design/generics/fifo_fwft.v" Line 1. Module fifo_fwft(WIDTH=11) doesn't have a timescale but at least one module in design has a timescale.
WARNING: [XSIM 43-4099] "C:/Helios_scalable_QEC/design/generics/fifo_fwft.v" Line 1. Module fifo_fwft(WIDTH=11) doesn't have a timescale but at least one module in design has a timescale.
WARNING: [XSIM 43-4099] "C:/Helios_scalable_QEC/design/generics/fifo_fwft.v" Line 1. Module fifo_fwft(WIDTH=11) doesn't have a timescale but at least one module in design has a timescale.
WARNING: [XSIM 43-4099] "C:/Helios_scalable_QEC/design/generics/fifo_fwft.v" Line 1. Module fifo_fwft(WIDTH=11) doesn't have a timescale but at least one module in design has a timescale.
WARNING: [XSIM 43-4099] "C:/Helios_scalable_QEC/design/generics/fifo_fwft.v" Line 1. Module fifo_fwft(WIDTH=11) doesn't have a timescale but at least one module in design has a timescale.
WARNING: [XSIM 43-4099] "C:/Helios_scalable_QEC/design/generics/fifo_fwft.v" Line 1. Module fifo_fwft(WIDTH=11) doesn't have a timescale but at least one module in design has a timescale.
WARNING: [XSIM 43-4099] "C:/Helios_scalable_QEC/design/generics/fifo_fwft.v" Line 1. Module fifo_fwft(WIDTH=11) doesn't have a timescale but at least one module in design has a timescale.
WARNING: [XSIM 43-4099] "C:/Helios_scalable_QEC/design/generics/fifo_fwft.v" Line 1. Module fifo_fwft(WIDTH=11) doesn't have a timescale but at least one module in design has a timescale.
WARNING: [XSIM 43-4099] "C:/Helios_scalable_QEC/design/generics/fifo_fwft.v" Line 1. Module fifo_fwft(WIDTH=11) doesn't have a timescale but at least one module in design has a timescale.
WARNING: [XSIM 43-4099] "C:/Helios_scalable_QEC/design/generics/fifo_fwft.v" Line 1. Module fifo_fwft(WIDTH=11) doesn't have a timescale but at least one module in design has a timescale.
WARNING: [XSIM 43-4099] "C:/Helios_scalable_QEC/design/generics/fifo_fwft.v" Line 1. Module fifo_fwft(WIDTH=11) doesn't have a timescale but at least one module in design has a timescale.
WARNING: [XSIM 43-4099] "C:/Helios_scalable_QEC/design/generics/fifo_fwft.v" Line 1. Module fifo_fwft(WIDTH=32) doesn't have a timescale but at least one module in design has a timescale.
WARNING: [XSIM 43-4099] "C:/Helios_scalable_QEC/design/generics/fifo_fwft.v" Line 1. Module fifo_fwft(WIDTH=12) doesn't have a timescale but at least one module in design has a timescale.
WARNING: [XSIM 43-4099] "C:/Helios_scalable_QEC/design/generics/fifo_fwft.v" Line 1. Module fifo_fwft(WIDTH=32) doesn't have a timescale but at least one module in design has a timescale.
WARNING: [XSIM 43-4099] "C:/Helios_scalable_QEC/design/generics/fifo_fwft.v" Line 1. Module fifo_fwft(WIDTH=12) doesn't have a timescale but at least one module in design has a timescale.
WARNING: [XSIM 43-4099] "C:/Helios_scalable_QEC/design/generics/fifo_fwft.v" Line 1. Module fifo_fwft(WIDTH=32) doesn't have a timescale but at least one module in design has a timescale.
WARNING: [XSIM 43-4099] "C:/Helios_scalable_QEC/design/generics/fifo_fwft.v" Line 1. Module fifo_fwft(WIDTH=12) doesn't have a timescale but at least one module in design has a timescale.
WARNING: [XSIM 43-4099] "C:/Helios_scalable_QEC/design/generics/fifo_fwft.v" Line 1. Module fifo_fwft(WIDTH=32) doesn't have a timescale but at least one module in design has a timescale.
WARNING: [XSIM 43-4099] "C:/Helios_scalable_QEC/design/generics/fifo_fwft.v" Line 1. Module fifo_fwft(WIDTH=12) doesn't have a timescale but at least one module in design has a timescale.
WARNING: [XSIM 43-4099] "C:/Helios_scalable_QEC/design/generics/fifo_fwft.v" Line 1. Module fifo_fwft(WIDTH=32) doesn't have a timescale but at least one module in design has a timescale.
WARNING: [XSIM 43-4099] "C:/Helios_scalable_QEC/design/generics/fifo_fwft.v" Line 1. Module fifo_fwft(WIDTH=12) doesn't have a timescale but at least one module in design has a timescale.
WARNING: [XSIM 43-4099] "C:/Helios_scalable_QEC/design/generics/fifo_fwft.v" Line 1. Module fifo_fwft(WIDTH=32) doesn't have a timescale but at least one module in design has a timescale.
WARNING: [XSIM 43-4099] "C:/Helios_scalable_QEC/design/generics/fifo_fwft.v" Line 1. Module fifo_fwft(WIDTH=12) doesn't have a timescale but at least one module in design has a timescale.
WARNING: [XSIM 43-4099] "C:/Helios_scalable_QEC/design/generics/fifo_fwft.v" Line 1. Module fifo_fwft(WIDTH=32) doesn't have a timescale but at least one module in design has a timescale.
WARNING: [XSIM 43-4099] "C:/Helios_scalable_QEC/design/generics/fifo_fwft.v" Line 1. Module fifo_fwft(WIDTH=12) doesn't have a timescale but at least one module in design has a timescale.
WARNING: [XSIM 43-4099] "C:/Helios_scalable_QEC/design/generics/fifo_fwft.v" Line 1. Module fifo_fwft(WIDTH=32) doesn't have a timescale but at least one module in design has a timescale.
WARNING: [XSIM 43-4099] "C:/Helios_scalable_QEC/design/generics/fifo_fwft.v" Line 1. Module fifo_fwft(WIDTH=12) doesn't have a timescale but at least one module in design has a timescale.
WARNING: [XSIM 43-4099] "C:/Helios_scalable_QEC/design/generics/fifo_fwft.v" Line 1. Module fifo_fwft(WIDTH=32) doesn't have a timescale but at least one module in design has a timescale.
WARNING: [XSIM 43-4099] "C:/Helios_scalable_QEC/design/generics/fifo_fwft.v" Line 1. Module fifo_fwft(WIDTH=12) doesn't have a timescale but at least one module in design has a timescale.
WARNING: [XSIM 43-4099] "C:/Helios_scalable_QEC/design/generics/fifo_fwft.v" Line 1. Module fifo_fwft(WIDTH=32) doesn't have a timescale but at least one module in design has a timescale.
WARNING: [XSIM 43-4099] "C:/Helios_scalable_QEC/design/generics/fifo_fwft.v" Line 1. Module fifo_fwft(WIDTH=12) doesn't have a timescale but at least one module in design has a timescale.
WARNING: [XSIM 43-4099] "C:/Helios_scalable_QEC/design/generics/fifo_fwft.v" Line 1. Module fifo_fwft(WIDTH=32) doesn't have a timescale but at least one module in design has a timescale.
WARNING: [XSIM 43-4099] "C:/Helios_scalable_QEC/design/generics/fifo_fwft.v" Line 1. Module fifo_fwft(WIDTH=12) doesn't have a timescale but at least one module in design has a timescale.
WARNING: [XSIM 43-4099] "C:/Helios_scalable_QEC/design/generics/fifo_fwft.v" Line 1. Module fifo_fwft(WIDTH=32) doesn't have a timescale but at least one module in design has a timescale.
WARNING: [XSIM 43-4099] "C:/Helios_scalable_QEC/design/generics/fifo_fwft.v" Line 1. Module fifo_fwft(WIDTH=12) doesn't have a timescale but at least one module in design has a timescale.
WARNING: [XSIM 43-4099] "C:/Helios_scalable_QEC/design/generics/fifo_fwft.v" Line 1. Module fifo_fwft(WIDTH=32) doesn't have a timescale but at least one module in design has a timescale.
WARNING: [XSIM 43-4099] "C:/Helios_scalable_QEC/design/generics/fifo_fwft.v" Line 1. Module fifo_fwft(WIDTH=12) doesn't have a timescale but at least one module in design has a timescale.
WARNING: [XSIM 43-4099] "C:/Helios_scalable_QEC/design/generics/fifo_fwft.v" Line 1. Module fifo_fwft(WIDTH=32) doesn't have a timescale but at least one module in design has a timescale.
WARNING: [XSIM 43-4099] "C:/Helios_scalable_QEC/design/generics/fifo_fwft.v" Line 1. Module fifo_fwft(WIDTH=12) doesn't have a timescale but at least one module in design has a timescale.
WARNING: [XSIM 43-4099] "C:/Helios_scalable_QEC/design/generics/fifo_fwft.v" Line 1. Module fifo_fwft(WIDTH=32) doesn't have a timescale but at least one module in design has a timescale.
WARNING: [XSIM 43-4099] "C:/Helios_scalable_QEC/design/generics/fifo_fwft.v" Line 1. Module fifo_fwft(WIDTH=12) doesn't have a timescale but at least one module in design has a timescale.
WARNING: [XSIM 43-4099] "C:/Helios_scalable_QEC/design/generics/fifo_fwft.v" Line 1. Module fifo_fwft(WIDTH=32) doesn't have a timescale but at least one module in design has a timescale.
WARNING: [XSIM 43-4099] "C:/Helios_scalable_QEC/design/generics/fifo_fwft.v" Line 1. Module fifo_fwft(WIDTH=12) doesn't have a timescale but at least one module in design has a timescale.
WARNING: [XSIM 43-4099] "C:/Helios_scalable_QEC/design/generics/fifo_fwft.v" Line 1. Module fifo_fwft(WIDTH=32) doesn't have a timescale but at least one module in design has a timescale.
WARNING: [XSIM 43-4099] "C:/Helios_scalable_QEC/design/generics/fifo_fwft.v" Line 1. Module fifo_fwft(WIDTH=12) doesn't have a timescale but at least one module in design has a timescale.
WARNING: [XSIM 43-4099] "C:/Helios_scalable_QEC/design/generics/fifo_fwft.v" Line 1. Module fifo_fwft(WIDTH=32) doesn't have a timescale but at least one module in design has a timescale.
WARNING: [XSIM 43-4099] "C:/Helios_scalable_QEC/design/generics/fifo_fwft.v" Line 1. Module fifo_fwft(WIDTH=12) doesn't have a timescale but at least one module in design has a timescale.
WARNING: [XSIM 43-4099] "C:/Helios_scalable_QEC/design/generics/fifo_fwft.v" Line 1. Module fifo_fwft(WIDTH=32) doesn't have a timescale but at least one module in design has a timescale.
WARNING: [XSIM 43-4099] "C:/Helios_scalable_QEC/design/generics/fifo_fwft.v" Line 1. Module fifo_fwft(WIDTH=12) doesn't have a timescale but at least one module in design has a timescale.
WARNING: [XSIM 43-4099] "C:/Helios_scalable_QEC/design/generics/fifo_fwft.v" Line 1. Module fifo_fwft(WIDTH=32) doesn't have a timescale but at least one module in design has a timescale.
WARNING: [XSIM 43-4099] "C:/Helios_scalable_QEC/design/generics/fifo_fwft.v" Line 1. Module fifo_fwft(WIDTH=12) doesn't have a timescale but at least one module in design has a timescale.
INFO: [Common 17-14] Message 'XSIM 43-4099' appears 100 times and further instances of the messages will be disabled. Use the Tcl command set_msg_config to change the current settings.
Completed simulation data flow analysis
Time Resolution for simulation is 1ps
Compiling module xil_defaultlib.tree_compare_solver(DATA_WIDTH=9...
Compiling module xil_defaultlib.fifo_fwft(WIDTH=11)
Compiling module xil_defaultlib.blocking_channel(WIDTH=11)
Compiling module xil_defaultlib.tree_distance_3d_solver(PER_DIME...
Compiling module xil_defaultlib.processing_unit(ADDRESS_WIDTH=9,...
Compiling module xil_defaultlib.tree_compare_solver(DATA_WIDTH=9...
Compiling module xil_defaultlib.tree_distance_3d_solver(PER_DIME...
Compiling module xil_defaultlib.processing_unit(ADDRESS_WIDTH=9,...
Compiling module xil_defaultlib.tree_distance_3d_solver(PER_DIME...
Compiling module xil_defaultlib.processing_unit(ADDRESS_WIDTH=9,...
Compiling module xil_defaultlib.tree_distance_3d_solver(PER_DIME...
Compiling module xil_defaultlib.processing_unit(ADDRESS_WIDTH=9,...
Compiling module xil_defaultlib.tree_distance_3d_solver(PER_DIME...
Compiling module xil_defaultlib.processing_unit(ADDRESS_WIDTH=9,...
Compiling module xil_defaultlib.tree_compare_solver(DATA_WIDTH=9...
Compiling module xil_defaultlib.tree_distance_3d_solver(PER_DIME...
Compiling module xil_defaultlib.processing_unit(ADDRESS_WIDTH=9,...
Compiling module xil_defaultlib.tree_distance_3d_solver(PER_DIME...
Compiling module xil_defaultlib.processing_unit(ADDRESS_WIDTH=9,...
Compiling module xil_defaultlib.tree_distance_3d_solver(PER_DIME...
Compiling module xil_defaultlib.processing_unit(ADDRESS_WIDTH=9,...
Compiling module xil_defaultlib.tree_distance_3d_solver(PER_DIME...
Compiling module xil_defaultlib.processing_unit(ADDRESS_WIDTH=9,...
Compiling module xil_defaultlib.tree_distance_3d_solver(PER_DIME...
Compiling module xil_defaultlib.processing_unit(ADDRESS_WIDTH=9,...
Compiling module xil_defaultlib.tree_distance_3d_solver(PER_DIME...
Compiling module xil_defaultlib.processing_unit(ADDRESS_WIDTH=9,...
Compiling module xil_defaultlib.tree_distance_3d_solver(PER_DIME...
Compiling module xil_defaultlib.processing_unit(ADDRESS_WIDTH=9,...
Compiling module xil_defaultlib.tree_distance_3d_solver(PER_DIME...
Compiling module xil_defaultlib.processing_unit(ADDRESS_WIDTH=9,...
Compiling module xil_defaultlib.tree_distance_3d_solver(PER_DIME...
Compiling module xil_defaultlib.processing_unit(ADDRESS_WIDTH=9,...
Compiling module xil_defaultlib.tree_distance_3d_solver(PER_DIME...
Compiling module xil_defaultlib.processing_unit(ADDRESS_WIDTH=9,...
Compiling module xil_defaultlib.tree_distance_3d_solver(PER_DIME...
Compiling module xil_defaultlib.processing_unit(ADDRESS_WIDTH=9,...
Compiling module xil_defaultlib.tree_distance_3d_solver(PER_DIME...
Compiling module xil_defaultlib.processing_unit(ADDRESS_WIDTH=9,...
Compiling module xil_defaultlib.tree_compare_solver(DATA_WIDTH=9...
Compiling module xil_defaultlib.tree_distance_3d_solver(PER_DIME...
Compiling module xil_defaultlib.processing_unit(ADDRESS_WIDTH=9,...
Compiling module xil_defaultlib.tree_distance_3d_solver(PER_DIME...
Compiling module xil_defaultlib.processing_unit(ADDRESS_WIDTH=9,...
Compiling module xil_defaultlib.tree_distance_3d_solver(PER_DIME...
Compiling module xil_defaultlib.processing_unit(ADDRESS_WIDTH=9,...
Compiling module xil_defaultlib.tree_distance_3d_solver(PER_DIME...
Compiling module xil_defaultlib.processing_unit(ADDRESS_WIDTH=9,...
Compiling module xil_defaultlib.tree_distance_3d_solver(PER_DIME...
Compiling module xil_defaultlib.processing_unit(ADDRESS_WIDTH=9,...
Compiling module xil_defaultlib.tree_distance_3d_solver(PER_DIME...
Compiling module xil_defaultlib.processing_unit(ADDRESS_WIDTH=9,...
Compiling module xil_defaultlib.tree_distance_3d_solver(PER_DIME...
Compiling module xil_defaultlib.processing_unit(ADDRESS_WIDTH=9,...
Compiling module xil_defaultlib.tree_distance_3d_solver(PER_DIME...
Compiling module xil_defaultlib.processing_unit(ADDRESS_WIDTH=9,...
Compiling module xil_defaultlib.tree_distance_3d_solver(PER_DIME...
Compiling module xil_defaultlib.processing_unit(ADDRESS_WIDTH=9,...
Compiling module xil_defaultlib.tree_distance_3d_solver(PER_DIME...
Compiling module xil_defaultlib.processing_unit(ADDRESS_WIDTH=9,...
Compiling module xil_defaultlib.tree_distance_3d_solver(PER_DIME...
Compiling module xil_defaultlib.processing_unit(ADDRESS_WIDTH=9,...
Compiling module xil_defaultlib.tree_distance_3d_solver(PER_DIME...
Compiling module xil_defaultlib.processing_unit(ADDRESS_WIDTH=9,...
Compiling module xil_defaultlib.tree_distance_3d_solver(PER_DIME...
Compiling module xil_defaultlib.processing_unit(ADDRESS_WIDTH=9,...
Compiling module xil_defaultlib.tree_distance_3d_solver(PER_DIME...
Compiling module xil_defaultlib.processing_unit(ADDRESS_WIDTH=9,...
Compiling module xil_defaultlib.tree_distance_3d_solver(PER_DIME...
Compiling module xil_defaultlib.processing_unit(ADDRESS_WIDTH=9,...
Compiling module xil_defaultlib.tree_distance_3d_solver(PER_DIME...
Compiling module xil_defaultlib.processing_unit(ADDRESS_WIDTH=9,...
Compiling module xil_defaultlib.tree_distance_3d_solver(PER_DIME...
Compiling module xil_defaultlib.processing_unit(ADDRESS_WIDTH=9,...
Compiling module xil_defaultlib.tree_distance_3d_solver(PER_DIME...
Compiling module xil_defaultlib.processing_unit(ADDRESS_WIDTH=9,...
Compiling module xil_defaultlib.tree_distance_3d_solver(PER_DIME...
Compiling module xil_defaultlib.processing_unit(ADDRESS_WIDTH=9,...
Compiling module xil_defaultlib.tree_distance_3d_solver(PER_DIME...
Compiling module xil_defaultlib.processing_unit(ADDRESS_WIDTH=9,...
Compiling module xil_defaultlib.tree_distance_3d_solver(PER_DIME...
Compiling module xil_defaultlib.processing_unit(ADDRESS_WIDTH=9,...
Compiling module xil_defaultlib.tree_distance_3d_solver(PER_DIME...
Compiling module xil_defaultlib.processing_unit(ADDRESS_WIDTH=9,...
Compiling module xil_defaultlib.tree_distance_3d_solver(PER_DIME...
Compiling module xil_defaultlib.processing_unit(ADDRESS_WIDTH=9,...
Compiling module xil_defaultlib.tree_distance_3d_solver(PER_DIME...
Compiling module xil_defaultlib.processing_unit(ADDRESS_WIDTH=9,...
Compiling module xil_defaultlib.tree_distance_3d_solver(PER_DIME...
Compiling module xil_defaultlib.processing_unit(ADDRESS_WIDTH=9,...
Compiling module xil_defaultlib.tree_distance_3d_solver(PER_DIME...
Compiling module xil_defaultlib.processing_unit(ADDRESS_WIDTH=9,...
Compiling module xil_defaultlib.tree_distance_3d_solver(PER_DIME...
Compiling module xil_defaultlib.processing_unit(ADDRESS_WIDTH=9,...
Compiling module xil_defaultlib.tree_distance_3d_solver(PER_DIME...
Compiling module xil_defaultlib.processing_unit(ADDRESS_WIDTH=9,...
Compiling module xil_defaultlib.tree_distance_3d_solver(PER_DIME...
Compiling module xil_defaultlib.processing_unit(ADDRESS_WIDTH=9,...
Compiling module xil_defaultlib.tree_distance_3d_solver(PER_DIME...
Compiling module xil_defaultlib.processing_unit(ADDRESS_WIDTH=9,...
Compiling module xil_defaultlib.tree_distance_3d_solver(PER_DIME...
Compiling module xil_defaultlib.processing_unit(ADDRESS_WIDTH=9,...
Compiling module xil_defaultlib.tree_distance_3d_solver(PER_DIME...
Compiling module xil_defaultlib.processing_unit(ADDRESS_WIDTH=9,...
Compiling module xil_defaultlib.tree_distance_3d_solver(PER_DIME...
Compiling module xil_defaultlib.processing_unit(ADDRESS_WIDTH=9,...
Compiling module xil_defaultlib.tree_distance_3d_solver(PER_DIME...
Compiling module xil_defaultlib.processing_unit(ADDRESS_WIDTH=9,...
Compiling module xil_defaultlib.tree_distance_3d_solver(PER_DIME...
Compiling module xil_defaultlib.processing_unit(ADDRESS_WIDTH=9,...
Compiling module xil_defaultlib.tree_distance_3d_solver(PER_DIME...
Compiling module xil_defaultlib.processing_unit(ADDRESS_WIDTH=9,...
Compiling module xil_defaultlib.tree_distance_3d_solver(PER_DIME...
Compiling module xil_defaultlib.processing_unit(ADDRESS_WIDTH=9,...
Compiling module xil_defaultlib.tree_distance_3d_solver(PER_DIME...
Compiling module xil_defaultlib.processing_unit(ADDRESS_WIDTH=9,...
Compiling module xil_defaultlib.tree_distance_3d_solver(PER_DIME...
Compiling module xil_defaultlib.processing_unit(ADDRESS_WIDTH=9,...
Compiling module xil_defaultlib.tree_distance_3d_solver(PER_DIME...
Compiling module xil_defaultlib.processing_unit(ADDRESS_WIDTH=9,...
Compiling module xil_defaultlib.tree_distance_3d_solver(PER_DIME...
Compiling module xil_defaultlib.processing_unit(ADDRESS_WIDTH=9,...
Compiling module xil_defaultlib.tree_distance_3d_solver(PER_DIME...
Compiling module xil_defaultlib.processing_unit(ADDRESS_WIDTH=9,...
Compiling module xil_defaultlib.tree_distance_3d_solver(PER_DIME...
Compiling module xil_defaultlib.processing_unit(ADDRESS_WIDTH=9,...
Compiling module xil_defaultlib.fifo_fwft(WIDTH=32)
Compiling module xil_defaultlib.fifo_fwft(WIDTH=12)
Compiling module xil_defaultlib.pu_arbitration_unit_default
Compiling module xil_defaultlib.neighbor_link(LENGTH=6,ADDRESS_W...
Compiling module xil_defaultlib.neighbor_link(ADDRESS_WIDTH=9)
Compiling module xil_defaultlib.fifo_fwft(DEPTH=128,WIDTH=11)
Compiling module xil_defaultlib.blocking_channel(WIDTH=11,DEPTH=...
Compiling module xil_defaultlib.neighbor_link_to_fifo(LENGTH=6,P...
Compiling module xil_defaultlib.neighbor_link_to_fifo(LENGTH=6,P...
Compiling module xil_defaultlib.neighbor_link_to_fifo(LENGTH=6,P...
Compiling module xil_defaultlib.neighbor_link_to_fifo(LENGTH=6,P...
Compiling module xil_defaultlib.neighbor_link_to_fifo(LENGTH=6,P...
Compiling module xil_defaultlib.neighbor_link_to_fifo(LENGTH=6,P...
Compiling module xil_defaultlib.neighbor_link_to_fifo(LENGTH=6,P...
Compiling module xil_defaultlib.neighbor_link_to_fifo(LENGTH=6,P...
Compiling module xil_defaultlib.neighbor_link_to_fifo(LENGTH=6,P...
Compiling module xil_defaultlib.neighbor_link_to_fifo(LENGTH=6,P...
Compiling module xil_defaultlib.neighbor_link_to_fifo(LENGTH=6,P...
Compiling module xil_defaultlib.neighbor_link_to_fifo(LENGTH=6,P...
Compiling module xil_defaultlib.neighbor_link_to_fifo(LENGTH=6,P...
Compiling module xil_defaultlib.neighbor_link_to_fifo(LENGTH=6,P...
Compiling module xil_defaultlib.neighbor_link_to_fifo(LENGTH=6,P...
Compiling module xil_defaultlib.neighbor_link_to_fifo(LENGTH=6,P...
Compiling module xil_defaultlib.neighbor_link_to_fifo(LENGTH=6,P...
Compiling module xil_defaultlib.neighbor_link_to_fifo(LENGTH=6,P...
Compiling module xil_defaultlib.neighbor_link_to_fifo(LENGTH=6,P...
Compiling module xil_defaultlib.neighbor_link_to_fifo(LENGTH=6,P...
Compiling module xil_defaultlib.standard_planar_code_3d_no_fast_...
Compiling module xil_defaultlib.glbl
Built simulation snapshot standard_planar_code_3d_no_fast_channel_left_behav
